# JRE version: OpenJDK Runtime Environment Temurin-17.0.6+10 (17.0.6+10) (build 17.0.6+10)
# Java VM: OpenJDK 64-Bit Server VM Temurin-17.0.6+10 (17.0.6+10, mixed mode, sharing, tiered, compressed oops, compressed class ptrs, g1 gc, windows-amd64)
GC Precious Log:
 CPUs: 4 total, 4 available
 Memory: 8089M
 Large Page Support: Disabled
 NUMA Support: Disabled
 Compressed Oops: Enabled (32-bit)
 Heap Region Size: 1M
 Heap Min Capacity: 8M
 Heap Initial Capacity: 128M
 Heap Max Capacity: 2G
 Pre-touch: Disabled
 Parallel Workers: 4
 Concurrent Workers: 1
 Concurrent Refinement Workers: 4
 Periodic GC: Disabled
Heap:
 garbage-first heap   total 131072K, used 83758K [0x0000000080000000, 0x0000000100000000)
  region size 1024K, 3 young (3072K), 3 survivors (3072K)
 Metaspace       used 72663K, committed 73536K, reserved 487424K
  class space    used 9980K, committed 10368K, reserved 421888K
GC Heap History (20 events):
Event: 31.280 GC heap after
{Heap after GC invocations=26 (full 0):
 garbage-first heap   total 94208K, used 56189K [0x0000000080000000, 0x0000000100000000)
  region size 1024K, 3 young (3072K), 3 survivors (3072K)
 Metaspace       used 55803K, committed 56576K, reserved 471040K
  class space    used 7800K, committed 8192K, reserved 421888K
}
Event: 31.604 GC heap before
{Heap before GC invocations=27 (full 0):
 garbage-first heap   total 107520K, used 75645K [0x0000000080000000, 0x0000000100000000)
  region size 1024K, 22 young (22528K), 3 survivors (3072K)
 Metaspace       used 57518K, committed 58240K, reserved 479232K
  class space    used 8016K, committed 8384K, reserved 421888K
}
Event: 31.612 GC heap after
{Heap after GC invocations=28 (full 0):
 garbage-first heap   total 107520K, used 59153K [0x0000000080000000, 0x0000000100000000)
  region size 1024K, 3 young (3072K), 3 survivors (3072K)
 Metaspace       used 57518K, committed 58240K, reserved 479232K
  class space    used 8016K, committed 8384K, reserved 421888K
}
Event: 32.041 GC heap before
{Heap before GC invocations=28 (full 0):
 garbage-first heap   total 107520K, used 84753K [0x0000000080000000, 0x0000000100000000)
  region size 1024K, 29 young (29696K), 3 survivors (3072K)
 Metaspace       used 59413K, committed 60288K, reserved 479232K
  class space    used 8293K, committed 8704K, reserved 421888K
}
Event: 32.048 GC heap after
{Heap after GC invocations=29 (full 0):
 garbage-first heap   total 129024K, used 61107K [0x0000000080000000, 0x0000000100000000)
  region size 1024K, 3 young (3072K), 3 survivors (3072K)
 Metaspace       used 59413K, committed 60288K, reserved 479232K
  class space    used 8293K, committed 8704K, reserved 421888K
}
Event: 32.919 GC heap before
{Heap before GC invocations=30 (full 0):
 garbage-first heap   total 129024K, used 98995K [0x0000000080000000, 0x0000000100000000)
  region size 1024K, 40 young (40960K), 3 survivors (3072K)
 Metaspace       used 61749K, committed 62528K, reserved 479232K
  class space    used 8634K, committed 9024K, reserved 421888K
}
Event: 32.926 GC heap after
{Heap after GC invocations=31 (full 0):
 garbage-first heap   total 129024K, used 64720K [0x0000000080000000, 0x0000000100000000)
  region size 1024K, 4 young (4096K), 4 survivors (4096K)
 Metaspace       used 61749K, committed 62528K, reserved 479232K
  class space    used 8634K, committed 9024K, reserved 421888K
}
Event: 32.962 GC heap before
{Heap before GC invocations=31 (full 0):
 garbage-first heap   total 129024K, used 66768K [0x0000000080000000, 0x0000000100000000)
  region size 1024K, 6 young (6144K), 4 survivors (4096K)
 Metaspace       used 61864K, committed 62656K, reserved 479232K
  class space    used 8647K, committed 9024K, reserved 421888K
}
Event: 32.968 GC heap after
{Heap after GC invocations=32 (full 0):
 garbage-first heap   total 129024K, used 64851K [0x0000000080000000, 0x0000000100000000)
  region size 1024K, 1 young (1024K), 1 survivors (1024K)
 Metaspace       used 61864K, committed 62656K, reserved 479232K
  class space    used 8647K, committed 9024K, reserved 421888K
}
Event: 33.683 GC heap before
{Heap before GC invocations=32 (full 0):
 garbage-first heap   total 129024K, used 100691K [0x0000000080000000, 0x0000000100000000)
  region size 1024K, 36 young (36864K), 1 survivors (1024K)
 Metaspace       used 64808K, committed 65664K, reserved 479232K
  class space    used 9066K, committed 9472K, reserved 421888K
}
Event: 33.691 GC heap after
{Heap after GC invocations=33 (full 0):
 garbage-first heap   total 129024K, used 68518K [0x0000000080000000, 0x0000000100000000)
  region size 1024K, 5 young (5120K), 5 survivors (5120K)
 Metaspace       used 64808K, committed 65664K, reserved 479232K
  class space    used 9066K, committed 9472K, reserved 421888K
}
Event: 34.575 GC heap before
{Heap before GC invocations=34 (full 0):
 garbage-first heap   total 129024K, used 101286K [0x0000000080000000, 0x0000000100000000)
  region size 1024K, 38 young (38912K), 5 survivors (5120K)
 Metaspace       used 66794K, committed 67648K, reserved 487424K
  class space    used 9320K, committed 9728K, reserved 421888K
}
Event: 34.583 GC heap after
{Heap after GC invocations=35 (full 0):
 garbage-first heap   total 129024K, used 72356K [0x0000000080000000, 0x0000000100000000)
  region size 1024K, 4 young (4096K), 4 survivors (4096K)
 Metaspace       used 66794K, committed 67648K, reserved 487424K
  class space    used 9320K, committed 9728K, reserved 421888K
}
Event: 34.614 GC heap before
{Heap before GC invocations=35 (full 0):
 garbage-first heap   total 129024K, used 73380K [0x0000000080000000, 0x0000000100000000)
  region size 1024K, 6 young (6144K), 4 survivors (4096K)
 Metaspace       used 66795K, committed 67648K, reserved 487424K
  class space    used 9320K, committed 9728K, reserved 421888K
}
Event: 34.622 GC heap after
{Heap after GC invocations=36 (full 0):
 garbage-first heap   total 129024K, used 72171K [0x0000000080000000, 0x0000000100000000)
  region size 1024K, 1 young (1024K), 1 survivors (1024K)
 Metaspace       used 66795K, committed 67648K, reserved 487424K
  class space    used 9320K, committed 9728K, reserved 421888K
}
Event: 35.324 GC heap before
{Heap before GC invocations=36 (full 0):
 garbage-first heap   total 129024K, used 105963K [0x0000000080000000, 0x0000000100000000)
  region size 1024K, 32 young (32768K), 1 survivors (1024K)
 Metaspace       used 69360K, committed 70272K, reserved 487424K
  class space    used 9630K, committed 10048K, reserved 421888K
}
Event: 35.331 GC heap after
{Heap after GC invocations=37 (full 0):
 garbage-first heap   total 129024K, used 81307K [0x0000000080000000, 0x0000000100000000)
  region size 1024K, 4 young (4096K), 4 survivors (4096K)
 Metaspace       used 69360K, committed 70272K, reserved 487424K
  class space    used 9630K, committed 10048K, reserved 421888K
}
Event: 35.887 GC heap before
{Heap before GC invocations=37 (full 0):
 garbage-first heap   total 129024K, used 103835K [0x0000000080000000, 0x0000000100000000)
  region size 1024K, 27 young (27648K), 4 survivors (4096K)
 Metaspace       used 72645K, committed 73536K, reserved 487424K
  class space    used 9977K, committed 10368K, reserved 421888K
}
Event: 35.895 GC heap after
{Heap after GC invocations=38 (full 0):
 garbage-first heap   total 129024K, used 83750K [0x0000000080000000, 0x0000000100000000)
  region size 1024K, 3 young (3072K), 3 survivors (3072K)
 Metaspace       used 72645K, committed 73536K, reserved 487424K
  class space    used 9977K, committed 10368K, reserved 421888K
}
Event: 35.926 GC heap before
{Heap before GC invocations=38 (full 0):
 garbage-first heap   total 129024K, used 83750K [0x0000000080000000, 0x0000000100000000)
  region size 1024K, 4 young (4096K), 3 survivors (3072K)
 Metaspace       used 72663K, committed 73536K, reserved 487424K
  class space    used 9980K, committed 10368K, reserved 421888K
}

