# JRE version: OpenJDK Runtime Environment Temurin-17.0.6+10 (17.0.6+10) (build 17.0.6+10)
# Java VM: OpenJDK 64-Bit Server VM Temurin-17.0.6+10 (17.0.6+10, mixed mode, sharing, tiered, compressed oops, compressed class ptrs, g1 gc, windows-amd64)
GC Precious Log:
 CPUs: 4 total, 4 available
 Memory: 8089M
 Large Page Support: Disabled
 NUMA Support: Disabled
 Compressed Oops: Enabled (32-bit)
 Heap Region Size: 1M
 Heap Min Capacity: 8M
 Heap Initial Capacity: 128M
 Heap Max Capacity: 2G
 Pre-touch: Disabled
 Parallel Workers: 4
 Concurrent Workers: 1
 Concurrent Refinement Workers: 4
 Periodic GC: Disabled
Heap:
 garbage-first heap   total 104448K, used 75302K [0x0000000080000000, 0x0000000100000000)
  region size 1024K, 19 young (19456K), 4 survivors (4096K)
 Metaspace       used 63987K, committed 64640K, reserved 479232K
  class space    used 8931K, committed 9216K, reserved 421888K
GC Heap History (20 events):
Event: 21.003 GC heap before
{Heap before GC invocations=14 (full 0):
 garbage-first heap   total 78848K, used 56093K [0x0000000080000000, 0x0000000100000000)
  region size 1024K, 22 young (22528K), 4 survivors (4096K)
 Metaspace       used 43276K, committed 43776K, reserved 462848K
  class space    used 6033K, committed 6272K, reserved 421888K
}
Event: 21.009 GC heap after
{Heap after GC invocations=15 (full 0):
 garbage-first heap   total 78848K, used 40686K [0x0000000080000000, 0x0000000100000000)
  region size 1024K, 4 young (4096K), 4 survivors (4096K)
 Metaspace       used 43276K, committed 43776K, reserved 462848K
  class space    used 6033K, committed 6272K, reserved 421888K
}
Event: 21.576 GC heap before
{Heap before GC invocations=16 (full 0):
 garbage-first heap   total 81920K, used 67310K [0x0000000080000000, 0x0000000100000000)
  region size 1024K, 26 young (26624K), 4 survivors (4096K)
 Metaspace       used 46632K, committed 47168K, reserved 471040K
  class space    used 6494K, committed 6720K, reserved 421888K
}
Event: 21.581 GC heap after
{Heap after GC invocations=17 (full 0):
 garbage-first heap   total 81920K, used 46994K [0x0000000080000000, 0x0000000100000000)
  region size 1024K, 4 young (4096K), 4 survivors (4096K)
 Metaspace       used 46632K, committed 47168K, reserved 471040K
  class space    used 6494K, committed 6720K, reserved 421888K
}
Event: 22.295 GC heap before
{Heap before GC invocations=17 (full 0):
 garbage-first heap   total 81920K, used 67474K [0x0000000080000000, 0x0000000100000000)
  region size 1024K, 24 young (24576K), 4 survivors (4096K)
 Metaspace       used 48771K, committed 49344K, reserved 471040K
  class space    used 6827K, committed 7104K, reserved 421888K
}
Event: 22.301 GC heap after
{Heap after GC invocations=18 (full 0):
 garbage-first heap   total 81920K, used 48383K [0x0000000080000000, 0x0000000100000000)
  region size 1024K, 2 young (2048K), 2 survivors (2048K)
 Metaspace       used 48771K, committed 49344K, reserved 471040K
  class space    used 6827K, committed 7104K, reserved 421888K
}
Event: 22.939 GC heap before
{Heap before GC invocations=19 (full 0):
 garbage-first heap   total 89088K, used 66815K [0x0000000080000000, 0x0000000100000000)
  region size 1024K, 20 young (20480K), 2 survivors (2048K)
 Metaspace       used 50650K, committed 51328K, reserved 471040K
  class space    used 7093K, committed 7424K, reserved 421888K
}
Event: 22.944 GC heap after
{Heap after GC invocations=20 (full 0):
 garbage-first heap   total 89088K, used 49343K [0x0000000080000000, 0x0000000100000000)
  region size 1024K, 3 young (3072K), 3 survivors (3072K)
 Metaspace       used 50650K, committed 51328K, reserved 471040K
  class space    used 7093K, committed 7424K, reserved 421888K
}
Event: 23.393 GC heap before
{Heap before GC invocations=20 (full 0):
 garbage-first heap   total 89088K, used 71871K [0x0000000080000000, 0x0000000100000000)
  region size 1024K, 25 young (25600K), 3 survivors (3072K)
 Metaspace       used 53609K, committed 54208K, reserved 471040K
  class space    used 7475K, committed 7744K, reserved 421888K
}
Event: 23.398 GC heap after
{Heap after GC invocations=21 (full 0):
 garbage-first heap   total 89088K, used 50765K [0x0000000080000000, 0x0000000100000000)
  region size 1024K, 3 young (3072K), 3 survivors (3072K)
 Metaspace       used 53609K, committed 54208K, reserved 471040K
  class space    used 7475K, committed 7744K, reserved 421888K
}
Event: 24.272 GC heap before
{Heap before GC invocations=22 (full 0):
 garbage-first heap   total 96256K, used 71245K [0x0000000080000000, 0x0000000100000000)
  region size 1024K, 24 young (24576K), 3 survivors (3072K)
 Metaspace       used 55399K, committed 56000K, reserved 471040K
  class space    used 7674K, committed 7936K, reserved 421888K
}
Event: 24.278 GC heap after
{Heap after GC invocations=23 (full 0):
 garbage-first heap   total 96256K, used 52416K [0x0000000080000000, 0x0000000100000000)
  region size 1024K, 3 young (3072K), 3 survivors (3072K)
 Metaspace       used 55399K, committed 56000K, reserved 471040K
  class space    used 7674K, committed 7936K, reserved 421888K
}
Event: 25.042 GC heap before
{Heap before GC invocations=23 (full 0):
 garbage-first heap   total 96256K, used 78016K [0x0000000080000000, 0x0000000100000000)
  region size 1024K, 28 young (28672K), 3 survivors (3072K)
 Metaspace       used 57145K, committed 57792K, reserved 479232K
  class space    used 7953K, committed 8256K, reserved 421888K
}
Event: 25.049 GC heap after
{Heap after GC invocations=24 (full 0):
 garbage-first heap   total 96256K, used 54590K [0x0000000080000000, 0x0000000100000000)
  region size 1024K, 4 young (4096K), 4 survivors (4096K)
 Metaspace       used 57145K, committed 57792K, reserved 479232K
  class space    used 7953K, committed 8256K, reserved 421888K
}
Event: 26.243 GC heap before
{Heap before GC invocations=25 (full 0):
 garbage-first heap   total 99328K, used 78142K [0x0000000080000000, 0x0000000100000000)
  region size 1024K, 27 young (27648K), 4 survivors (4096K)
 Metaspace       used 58756K, committed 59456K, reserved 479232K
  class space    used 8196K, committed 8512K, reserved 421888K
}
Event: 26.251 GC heap after
{Heap after GC invocations=26 (full 0):
 garbage-first heap   total 99328K, used 56454K [0x0000000080000000, 0x0000000100000000)
  region size 1024K, 4 young (4096K), 4 survivors (4096K)
 Metaspace       used 58756K, committed 59456K, reserved 479232K
  class space    used 8196K, committed 8512K, reserved 421888K
}
Event: 27.493 GC heap before
{Heap before GC invocations=26 (full 0):
 garbage-first heap   total 99328K, used 81030K [0x0000000080000000, 0x0000000100000000)
  region size 1024K, 28 young (28672K), 4 survivors (4096K)
 Metaspace       used 60732K, committed 61376K, reserved 479232K
  class space    used 8524K, committed 8832K, reserved 421888K
}
Event: 27.502 GC heap after
{Heap after GC invocations=27 (full 0):
 garbage-first heap   total 99328K, used 58663K [0x0000000080000000, 0x0000000100000000)
  region size 1024K, 4 young (4096K), 4 survivors (4096K)
 Metaspace       used 60732K, committed 61376K, reserved 479232K
  class space    used 8524K, committed 8832K, reserved 421888K
}
Event: 28.733 GC heap before
{Heap before GC invocations=28 (full 0):
 garbage-first heap   total 104448K, used 80167K [0x0000000080000000, 0x0000000100000000)
  region size 1024K, 26 young (26624K), 4 survivors (4096K)
 Metaspace       used 62819K, committed 63488K, reserved 479232K
  class space    used 8769K, committed 9088K, reserved 421888K
}
Event: 28.743 GC heap after
{Heap after GC invocations=29 (full 0):
 garbage-first heap   total 104448K, used 61990K [0x0000000080000000, 0x0000000100000000)
  region size 1024K, 4 young (4096K), 4 survivors (4096K)
 Metaspace       used 62819K, committed 63488K, reserved 479232K
  class space    used 8769K, committed 9088K, reserved 421888K
}

