# JRE version: OpenJDK Runtime Environment Temurin-17.0.6+10 (17.0.6+10) (build 17.0.6+10)
# Java VM: OpenJDK 64-Bit Server VM Temurin-17.0.6+10 (17.0.6+10, mixed mode, sharing, tiered, compressed oops, compressed class ptrs, g1 gc, windows-amd64)
GC Precious Log:
 CPUs: 4 total, 4 available
 Memory: 8089M
 Large Page Support: Disabled
 NUMA Support: Disabled
 Compressed Oops: Enabled (32-bit)
 Heap Region Size: 1M
 Heap Min Capacity: 8M
 Heap Initial Capacity: 128M
 Heap Max Capacity: 2024M
 Pre-touch: Disabled
 Parallel Workers: 4
 Concurrent Workers: 1
 Concurrent Refinement Workers: 4
 Periodic GC: Disabled
Heap:
 garbage-first heap   total 91136K, used 61587K [0x0000000081800000, 0x0000000100000000)
  region size 1024K, 17 young (17408K), 3 survivors (3072K)
 Metaspace       used 50839K, committed 51136K, reserved 1097728K
  class space    used 6197K, committed 6336K, reserved 1048576K
GC Heap History (20 events):
Event: 1.752 GC heap before
{Heap before GC invocations=2 (full 0):
 garbage-first heap   total 131072K, used 70517K [0x0000000081800000, 0x0000000100000000)
  region size 1024K, 60 young (61440K), 2 survivors (2048K)
 Metaspace       used 21290K, committed 21504K, reserved 1073152K
  class space    used 2769K, committed 2880K, reserved 1048576K
}
Event: 1.761 GC heap after
{Heap after GC invocations=3 (full 0):
 garbage-first heap   total 131072K, used 16909K [0x0000000081800000, 0x0000000100000000)
  region size 1024K, 7 young (7168K), 7 survivors (7168K)
 Metaspace       used 21290K, committed 21504K, reserved 1073152K
  class space    used 2769K, committed 2880K, reserved 1048576K
}
Event: 2.505 GC heap before
{Heap before GC invocations=4 (full 0):
 garbage-first heap   total 65536K, used 50701K [0x0000000081800000, 0x0000000100000000)
  region size 1024K, 38 young (38912K), 7 survivors (7168K)
 Metaspace       used 25716K, committed 25984K, reserved 1073152K
  class space    used 3438K, committed 3584K, reserved 1048576K
}
Event: 2.528 GC heap after
{Heap after GC invocations=5 (full 0):
 garbage-first heap   total 65536K, used 24159K [0x0000000081800000, 0x0000000100000000)
  region size 1024K, 5 young (5120K), 5 survivors (5120K)
 Metaspace       used 25716K, committed 25984K, reserved 1073152K
  class space    used 3438K, committed 3584K, reserved 1048576K
}
Event: 2.866 GC heap before
{Heap before GC invocations=5 (full 0):
 garbage-first heap   total 65536K, used 44639K [0x0000000081800000, 0x0000000100000000)
  region size 1024K, 26 young (26624K), 5 survivors (5120K)
 Metaspace       used 29285K, committed 29504K, reserved 1081344K
  class space    used 3833K, committed 3968K, reserved 1048576K
}
Event: 2.879 GC heap after
{Heap after GC invocations=6 (full 0):
 garbage-first heap   total 65536K, used 26850K [0x0000000081800000, 0x0000000100000000)
  region size 1024K, 4 young (4096K), 4 survivors (4096K)
 Metaspace       used 29285K, committed 29504K, reserved 1081344K
  class space    used 3833K, committed 3968K, reserved 1048576K
}
Event: 3.182 GC heap before
{Heap before GC invocations=6 (full 0):
 garbage-first heap   total 65536K, used 46306K [0x0000000081800000, 0x0000000100000000)
  region size 1024K, 24 young (24576K), 4 survivors (4096K)
 Metaspace       used 33303K, committed 33536K, reserved 1081344K
  class space    used 4167K, committed 4288K, reserved 1048576K
}
Event: 3.188 GC heap after
{Heap after GC invocations=7 (full 0):
 garbage-first heap   total 65536K, used 28949K [0x0000000081800000, 0x0000000100000000)
  region size 1024K, 2 young (2048K), 2 survivors (2048K)
 Metaspace       used 33303K, committed 33536K, reserved 1081344K
  class space    used 4167K, committed 4288K, reserved 1048576K
}
Event: 3.401 GC heap before
{Heap before GC invocations=7 (full 0):
 garbage-first heap   total 65536K, used 37141K [0x0000000081800000, 0x0000000100000000)
  region size 1024K, 11 young (11264K), 2 survivors (2048K)
 Metaspace       used 35919K, committed 36160K, reserved 1081344K
  class space    used 4437K, committed 4544K, reserved 1048576K
}
Event: 3.408 GC heap after
{Heap after GC invocations=8 (full 0):
 garbage-first heap   total 78848K, used 29935K [0x0000000081800000, 0x0000000100000000)
  region size 1024K, 1 young (1024K), 1 survivors (1024K)
 Metaspace       used 35919K, committed 36160K, reserved 1081344K
  class space    used 4437K, committed 4544K, reserved 1048576K
}
Event: 4.431 GC heap before
{Heap before GC invocations=9 (full 0):
 garbage-first heap   total 78848K, used 61679K [0x0000000081800000, 0x0000000100000000)
  region size 1024K, 30 young (30720K), 1 survivors (1024K)
 Metaspace       used 40913K, committed 41152K, reserved 1089536K
  class space    used 5019K, committed 5120K, reserved 1048576K
}
Event: 4.445 GC heap after
{Heap after GC invocations=10 (full 0):
 garbage-first heap   total 78848K, used 37426K [0x0000000081800000, 0x0000000100000000)
  region size 1024K, 4 young (4096K), 4 survivors (4096K)
 Metaspace       used 40913K, committed 41152K, reserved 1089536K
  class space    used 5019K, committed 5120K, reserved 1048576K
}
Event: 5.142 GC heap before
{Heap before GC invocations=10 (full 0):
 garbage-first heap   total 78848K, used 60978K [0x0000000081800000, 0x0000000100000000)
  region size 1024K, 26 young (26624K), 4 survivors (4096K)
 Metaspace       used 44485K, committed 44736K, reserved 1089536K
  class space    used 5515K, committed 5632K, reserved 1048576K
}
Event: 5.158 GC heap after
{Heap after GC invocations=11 (full 0):
 garbage-first heap   total 78848K, used 41120K [0x0000000081800000, 0x0000000100000000)
  region size 1024K, 4 young (4096K), 4 survivors (4096K)
 Metaspace       used 44485K, committed 44736K, reserved 1089536K
  class space    used 5515K, committed 5632K, reserved 1048576K
}
Event: 5.476 GC heap before
{Heap before GC invocations=11 (full 0):
 garbage-first heap   total 78848K, used 60576K [0x0000000081800000, 0x0000000100000000)
  region size 1024K, 23 young (23552K), 4 survivors (4096K)
 Metaspace       used 44558K, committed 44800K, reserved 1089536K
  class space    used 5515K, committed 5632K, reserved 1048576K
}
Event: 5.503 GC heap after
{Heap after GC invocations=12 (full 0):
 garbage-first heap   total 78848K, used 41611K [0x0000000081800000, 0x0000000100000000)
  region size 1024K, 1 young (1024K), 1 survivors (1024K)
 Metaspace       used 44558K, committed 44800K, reserved 1089536K
  class space    used 5515K, committed 5632K, reserved 1048576K
}
Event: 6.477 GC heap before
{Heap before GC invocations=13 (full 0):
 garbage-first heap   total 80896K, used 62091K [0x0000000081800000, 0x0000000100000000)
  region size 1024K, 21 young (21504K), 1 survivors (1024K)
 Metaspace       used 46212K, committed 46528K, reserved 1097728K
  class space    used 5661K, committed 5824K, reserved 1048576K
}
Event: 6.490 GC heap after
{Heap after GC invocations=14 (full 0):
 garbage-first heap   total 80896K, used 45396K [0x0000000081800000, 0x0000000100000000)
  region size 1024K, 3 young (3072K), 3 survivors (3072K)
 Metaspace       used 46212K, committed 46528K, reserved 1097728K
  class space    used 5661K, committed 5824K, reserved 1048576K
}
Event: 7.089 GC heap before
{Heap before GC invocations=14 (full 0):
 garbage-first heap   total 80896K, used 63828K [0x0000000081800000, 0x0000000100000000)
  region size 1024K, 21 young (21504K), 3 survivors (3072K)
 Metaspace       used 48160K, committed 48448K, reserved 1097728K
  class space    used 5871K, committed 6016K, reserved 1048576K
}
Event: 7.106 GC heap after
{Heap after GC invocations=15 (full 0):
 garbage-first heap   total 80896K, used 49299K [0x0000000081800000, 0x0000000100000000)
  region size 1024K, 3 young (3072K), 3 survivors (3072K)
 Metaspace       used 48160K, committed 48448K, reserved 1097728K
  class space    used 5871K, committed 6016K, reserved 1048576K
}

