# JRE version: OpenJDK Runtime Environment Temurin-17.0.6+10 (17.0.6+10) (build 17.0.6+10)
# Java VM: OpenJDK 64-Bit Server VM Temurin-17.0.6+10 (17.0.6+10, mixed mode, sharing, tiered, compressed oops, compressed class ptrs, g1 gc, windows-amd64)
GC Precious Log:
 CPUs: 4 total, 4 available
 Memory: 8089M
 Large Page Support: Disabled
 NUMA Support: Disabled
 Compressed Oops: Enabled (32-bit)
 Heap Region Size: 1M
 Heap Min Capacity: 8M
 Heap Initial Capacity: 128M
 Heap Max Capacity: 2024M
 Pre-touch: Disabled
 Parallel Workers: 4
 Concurrent Workers: 1
 Concurrent Refinement Workers: 4
 Periodic GC: Disabled
Heap:
 garbage-first heap   total 131072K, used 67607K [0x0000000081800000, 0x0000000100000000)
  region size 1024K, 1 young (1024K), 1 survivors (1024K)
 Metaspace       used 59094K, committed 59392K, reserved 1105920K
  class space    used 6842K, committed 6976K, reserved 1048576K
GC Heap History (20 events):
Event: 6.641 GC heap after
{Heap after GC invocations=13 (full 0):
 garbage-first heap   total 89088K, used 36678K [0x0000000081800000, 0x0000000100000000)
  region size 1024K, 4 young (4096K), 4 survivors (4096K)
 Metaspace       used 45042K, committed 45248K, reserved 1089536K
  class space    used 5449K, committed 5568K, reserved 1048576K
}
Event: 7.777 GC heap before
{Heap before GC invocations=13 (full 0):
 garbage-first heap   total 89088K, used 66374K [0x0000000081800000, 0x0000000100000000)
  region size 1024K, 33 young (33792K), 4 survivors (4096K)
 Metaspace       used 49517K, committed 49792K, reserved 1097728K
  class space    used 6112K, committed 6272K, reserved 1048576K
}
Event: 7.794 GC heap after
{Heap after GC invocations=14 (full 0):
 garbage-first heap   total 89088K, used 40636K [0x0000000081800000, 0x0000000100000000)
  region size 1024K, 4 young (4096K), 4 survivors (4096K)
 Metaspace       used 49517K, committed 49792K, reserved 1097728K
  class space    used 6112K, committed 6272K, reserved 1048576K
}
Event: 9.077 GC heap before
{Heap before GC invocations=14 (full 0):
 garbage-first heap   total 89088K, used 68284K [0x0000000081800000, 0x0000000100000000)
  region size 1024K, 31 young (31744K), 4 survivors (4096K)
 Metaspace       used 52192K, committed 52480K, reserved 1097728K
  class space    used 6334K, committed 6464K, reserved 1048576K
}
Event: 9.097 GC heap after
{Heap after GC invocations=15 (full 0):
 garbage-first heap   total 89088K, used 45790K [0x0000000081800000, 0x0000000100000000)
  region size 1024K, 4 young (4096K), 4 survivors (4096K)
 Metaspace       used 52192K, committed 52480K, reserved 1097728K
  class space    used 6334K, committed 6464K, reserved 1048576K
}
Event: 9.939 GC heap before
{Heap before GC invocations=15 (full 0):
 garbage-first heap   total 89088K, used 68318K [0x0000000081800000, 0x0000000100000000)
  region size 1024K, 26 young (26624K), 4 survivors (4096K)
 Metaspace       used 52553K, committed 52800K, reserved 1097728K
  class space    used 6336K, committed 6464K, reserved 1048576K
}
Event: 9.960 GC heap after
{Heap after GC invocations=16 (full 0):
 garbage-first heap   total 107520K, used 50176K [0x0000000081800000, 0x0000000100000000)
  region size 1024K, 4 young (4096K), 4 survivors (4096K)
 Metaspace       used 52553K, committed 52800K, reserved 1097728K
  class space    used 6336K, committed 6464K, reserved 1048576K
}
Event: 10.713 GC heap before
{Heap before GC invocations=17 (full 0):
 garbage-first heap   total 107520K, used 81920K [0x0000000081800000, 0x0000000100000000)
  region size 1024K, 35 young (35840K), 4 survivors (4096K)
 Metaspace       used 53285K, committed 53568K, reserved 1097728K
  class space    used 6409K, committed 6528K, reserved 1048576K
}
Event: 10.735 GC heap after
{Heap after GC invocations=18 (full 0):
 garbage-first heap   total 107520K, used 55296K [0x0000000081800000, 0x0000000100000000)
  region size 1024K, 5 young (5120K), 5 survivors (5120K)
 Metaspace       used 53285K, committed 53568K, reserved 1097728K
  class space    used 6409K, committed 6528K, reserved 1048576K
}
Event: 11.736 GC heap before
{Heap before GC invocations=18 (full 0):
 garbage-first heap   total 107520K, used 83968K [0x0000000081800000, 0x0000000100000000)
  region size 1024K, 33 young (33792K), 5 survivors (5120K)
 Metaspace       used 54577K, committed 54848K, reserved 1097728K
  class space    used 6491K, committed 6592K, reserved 1048576K
}
Event: 11.755 GC heap after
{Heap after GC invocations=19 (full 0):
 garbage-first heap   total 107520K, used 57793K [0x0000000081800000, 0x0000000100000000)
  region size 1024K, 3 young (3072K), 3 survivors (3072K)
 Metaspace       used 54577K, committed 54848K, reserved 1097728K
  class space    used 6491K, committed 6592K, reserved 1048576K
}
Event: 13.274 GC heap before
{Heap before GC invocations=20 (full 0):
 garbage-first heap   total 107520K, used 84417K [0x0000000081800000, 0x0000000100000000)
  region size 1024K, 29 young (29696K), 3 survivors (3072K)
 Metaspace       used 57062K, committed 57344K, reserved 1105920K
  class space    used 6676K, committed 6784K, reserved 1048576K
}
Event: 13.288 GC heap after
{Heap after GC invocations=21 (full 0):
 garbage-first heap   total 107520K, used 60290K [0x0000000081800000, 0x0000000100000000)
  region size 1024K, 4 young (4096K), 4 survivors (4096K)
 Metaspace       used 57062K, committed 57344K, reserved 1105920K
  class space    used 6676K, committed 6784K, reserved 1048576K
}
Event: 13.340 GC heap before
{Heap before GC invocations=21 (full 0):
 garbage-first heap   total 107520K, used 61314K [0x0000000081800000, 0x0000000100000000)
  region size 1024K, 5 young (5120K), 4 survivors (4096K)
 Metaspace       used 57136K, committed 57408K, reserved 1105920K
  class space    used 6676K, committed 6784K, reserved 1048576K
}
Event: 13.352 GC heap after
{Heap after GC invocations=22 (full 0):
 garbage-first heap   total 107520K, used 60398K [0x0000000081800000, 0x0000000100000000)
  region size 1024K, 1 young (1024K), 1 survivors (1024K)
 Metaspace       used 57136K, committed 57408K, reserved 1105920K
  class space    used 6676K, committed 6784K, reserved 1048576K
}
Event: 14.927 GC heap before
{Heap before GC invocations=22 (full 0):
 garbage-first heap   total 107520K, used 84974K [0x0000000081800000, 0x0000000100000000)
  region size 1024K, 26 young (26624K), 1 survivors (1024K)
 Metaspace       used 58302K, committed 58624K, reserved 1105920K
  class space    used 6765K, committed 6912K, reserved 1048576K
}
Event: 14.939 GC heap after
{Heap after GC invocations=23 (full 0):
 garbage-first heap   total 107520K, used 63371K [0x0000000081800000, 0x0000000100000000)
  region size 1024K, 4 young (4096K), 4 survivors (4096K)
 Metaspace       used 58302K, committed 58624K, reserved 1105920K
  class space    used 6765K, committed 6912K, reserved 1048576K
}
Event: 15.930 GC heap before
{Heap before GC invocations=24 (full 0):
 garbage-first heap   total 111616K, used 88971K [0x0000000081800000, 0x0000000100000000)
  region size 1024K, 26 young (26624K), 4 survivors (4096K)
 Metaspace       used 59054K, committed 59328K, reserved 1105920K
  class space    used 6841K, committed 6976K, reserved 1048576K
}
Event: 15.946 GC heap after
{Heap after GC invocations=25 (full 0):
 garbage-first heap   total 111616K, used 67653K [0x0000000081800000, 0x0000000100000000)
  region size 1024K, 3 young (3072K), 3 survivors (3072K)
 Metaspace       used 59054K, committed 59328K, reserved 1105920K
  class space    used 6841K, committed 6976K, reserved 1048576K
}
Event: 16.064 GC heap before
{Heap before GC invocations=25 (full 0):
 garbage-first heap   total 111616K, used 69701K [0x0000000081800000, 0x0000000100000000)
  region size 1024K, 5 young (5120K), 3 survivors (3072K)
 Metaspace       used 59094K, committed 59392K, reserved 1105920K
  class space    used 6842K, committed 6976K, reserved 1048576K
}

