# JRE version: OpenJDK Runtime Environment Temurin-17.0.6+10 (17.0.6+10) (build 17.0.6+10)
# Java VM: OpenJDK 64-Bit Server VM Temurin-17.0.6+10 (17.0.6+10, mixed mode, sharing, tiered, compressed oops, compressed class ptrs, g1 gc, windows-amd64)
GC Precious Log:
 CPUs: 4 total, 4 available
 Memory: 8089M
 Large Page Support: Disabled
 NUMA Support: Disabled
 Compressed Oops: Enabled (32-bit)
 Heap Region Size: 1M
 Heap Min Capacity: 8M
 Heap Initial Capacity: 128M
 Heap Max Capacity: 2G
 Pre-touch: Disabled
 Parallel Workers: 4
 Concurrent Workers: 1
 Concurrent Refinement Workers: 4
 Periodic GC: Disabled
Heap:
 garbage-first heap   total 364544K, used 143078K [0x0000000080000000, 0x0000000100000000)
  region size 1024K, 10 young (10240K), 10 survivors (10240K)
 Metaspace       used 103896K, committed 105088K, reserved 520192K
  class space    used 14283K, committed 14848K, reserved 421888K
GC Heap History (20 events):
Event: 188.151 GC heap after
{Heap after GC invocations=46 (full 0):
 garbage-first heap   total 154624K, used 91418K [0x0000000080000000, 0x0000000100000000)
  region size 1024K, 3 young (3072K), 3 survivors (3072K)
 Metaspace       used 86061K, committed 86912K, reserved 503808K
  class space    used 11956K, committed 12352K, reserved 421888K
}
Event: 188.565 GC heap before
{Heap before GC invocations=46 (full 0):
 garbage-first heap   total 154624K, used 127258K [0x0000000080000000, 0x0000000100000000)
  region size 1024K, 38 young (38912K), 3 survivors (3072K)
 Metaspace       used 88039K, committed 88896K, reserved 503808K
  class space    used 12281K, committed 12672K, reserved 421888K
}
Event: 188.573 GC heap after
{Heap after GC invocations=47 (full 0):
 garbage-first heap   total 154624K, used 93817K [0x0000000080000000, 0x0000000100000000)
  region size 1024K, 3 young (3072K), 3 survivors (3072K)
 Metaspace       used 88039K, committed 88896K, reserved 503808K
  class space    used 12281K, committed 12672K, reserved 421888K
}
Event: 188.921 GC heap before
{Heap before GC invocations=48 (full 0):
 garbage-first heap   total 186368K, used 125561K [0x0000000080000000, 0x0000000100000000)
  region size 1024K, 34 young (34816K), 3 survivors (3072K)
 Metaspace       used 88053K, committed 88896K, reserved 503808K
  class space    used 12281K, committed 12672K, reserved 421888K
}
Event: 188.927 GC heap after
{Heap after GC invocations=49 (full 0):
 garbage-first heap   total 186368K, used 94324K [0x0000000080000000, 0x0000000100000000)
  region size 1024K, 3 young (3072K), 3 survivors (3072K)
 Metaspace       used 88053K, committed 88896K, reserved 503808K
  class space    used 12281K, committed 12672K, reserved 421888K
}
Event: 188.970 GC heap before
{Heap before GC invocations=49 (full 0):
 garbage-first heap   total 186368K, used 100468K [0x0000000080000000, 0x0000000100000000)
  region size 1024K, 9 young (9216K), 3 survivors (3072K)
 Metaspace       used 88054K, committed 88896K, reserved 503808K
  class space    used 12281K, committed 12672K, reserved 421888K
}
Event: 188.977 GC heap after
{Heap after GC invocations=50 (full 0):
 garbage-first heap   total 364544K, used 93666K [0x0000000080000000, 0x0000000100000000)
  region size 1024K, 2 young (2048K), 2 survivors (2048K)
 Metaspace       used 88054K, committed 88896K, reserved 503808K
  class space    used 12281K, committed 12672K, reserved 421888K
}
Event: 190.809 GC heap before
{Heap before GC invocations=50 (full 0):
 garbage-first heap   total 364544K, used 295394K [0x0000000080000000, 0x0000000100000000)
  region size 1024K, 193 young (197632K), 2 survivors (2048K)
 Metaspace       used 90850K, committed 91712K, reserved 503808K
  class space    used 12583K, committed 12992K, reserved 421888K
}
Event: 190.819 GC heap after
{Heap after GC invocations=51 (full 0):
 garbage-first heap   total 364544K, used 105301K [0x0000000080000000, 0x0000000100000000)
  region size 1024K, 7 young (7168K), 7 survivors (7168K)
 Metaspace       used 90850K, committed 91712K, reserved 503808K
  class space    used 12583K, committed 12992K, reserved 421888K
}
Event: 194.199 GC heap before
{Heap before GC invocations=51 (full 0):
 garbage-first heap   total 364544K, used 292693K [0x0000000080000000, 0x0000000100000000)
  region size 1024K, 190 young (194560K), 7 survivors (7168K)
 Metaspace       used 97054K, committed 98112K, reserved 512000K
  class space    used 13450K, committed 13888K, reserved 421888K
}
Event: 194.232 GC heap after
{Heap after GC invocations=52 (full 0):
 garbage-first heap   total 364544K, used 127612K [0x0000000080000000, 0x0000000100000000)
  region size 1024K, 24 young (24576K), 24 survivors (24576K)
 Metaspace       used 97054K, committed 98112K, reserved 512000K
  class space    used 13450K, committed 13888K, reserved 421888K
}
Event: 194.711 GC heap before
{Heap before GC invocations=52 (full 0):
 garbage-first heap   total 364544K, used 284284K [0x0000000080000000, 0x0000000100000000)
  region size 1024K, 177 young (181248K), 24 survivors (24576K)
 Metaspace       used 97111K, committed 98176K, reserved 512000K
  class space    used 13450K, committed 13888K, reserved 421888K
}
Event: 194.740 GC heap after
{Heap after GC invocations=53 (full 0):
 garbage-first heap   total 364544K, used 132271K [0x0000000080000000, 0x0000000100000000)
  region size 1024K, 4 young (4096K), 4 survivors (4096K)
 Metaspace       used 97111K, committed 98176K, reserved 512000K
  class space    used 13450K, committed 13888K, reserved 421888K
}
Event: 195.276 GC heap before
{Heap before GC invocations=53 (full 0):
 garbage-first heap   total 364544K, used 294063K [0x0000000080000000, 0x0000000100000000)
  region size 1024K, 162 young (165888K), 4 survivors (4096K)
 Metaspace       used 97384K, committed 98496K, reserved 512000K
  class space    used 13466K, committed 13952K, reserved 421888K
}
Event: 195.290 GC heap after
{Heap after GC invocations=54 (full 0):
 garbage-first heap   total 364544K, used 134966K [0x0000000080000000, 0x0000000100000000)
  region size 1024K, 7 young (7168K), 7 survivors (7168K)
 Metaspace       used 97384K, committed 98496K, reserved 512000K
  class space    used 13466K, committed 13952K, reserved 421888K
}
Event: 195.917 GC heap before
{Heap before GC invocations=55 (full 0):
 garbage-first heap   total 364544K, used 298806K [0x0000000080000000, 0x0000000100000000)
  region size 1024K, 167 young (171008K), 7 survivors (7168K)
 Metaspace       used 97301K, committed 98496K, reserved 512000K
  class space    used 13436K, committed 13952K, reserved 421888K
}
Event: 195.930 GC heap after
{Heap after GC invocations=56 (full 0):
 garbage-first heap   total 364544K, used 135934K [0x0000000080000000, 0x0000000100000000)
  region size 1024K, 8 young (8192K), 8 survivors (8192K)
 Metaspace       used 97301K, committed 98496K, reserved 512000K
  class space    used 13436K, committed 13952K, reserved 421888K
}
Event: 195.949 GC heap before
{Heap before GC invocations=56 (full 0):
 garbage-first heap   total 364544K, used 145150K [0x0000000080000000, 0x0000000100000000)
  region size 1024K, 17 young (17408K), 8 survivors (8192K)
 Metaspace       used 97301K, committed 98496K, reserved 512000K
  class space    used 13436K, committed 13952K, reserved 421888K
}
Event: 195.962 GC heap after
{Heap after GC invocations=57 (full 0):
 garbage-first heap   total 364544K, used 135857K [0x0000000080000000, 0x0000000100000000)
  region size 1024K, 3 young (3072K), 3 survivors (3072K)
 Metaspace       used 97301K, committed 98496K, reserved 512000K
  class space    used 13436K, committed 13952K, reserved 421888K
}
Event: 198.517 GC heap before
{Heap before GC invocations=57 (full 0):
 garbage-first heap   total 364544K, used 302769K [0x0000000080000000, 0x0000000100000000)
  region size 1024K, 166 young (169984K), 3 survivors (3072K)
 Metaspace       used 103896K, committed 105088K, reserved 520192K
  class space    used 14283K, committed 14848K, reserved 421888K
}

