# JRE version: OpenJDK Runtime Environment (11.0.15) (build 11.0.15+0-b2043.56-9505619)
# Java VM: OpenJDK 64-Bit Server VM (11.0.15+0-b2043.56-9505619, mixed mode, tiered, compressed oops, g1 gc, windows-amd64)
Heap:
 garbage-first heap   total 131072K, used 57946K [0x0000000081800000, 0x0000000100000000)
  region size 1024K, 20 young (20480K), 5 survivors (5120K)
 Metaspace       used 57293K, capacity 58042K, committed 58368K, reserved 1101824K
  class space    used 6549K, capacity 6824K, committed 6912K, reserved 1048576K
GC Heap History (16 events):
Event: 1.231 GC heap before
{Heap before GC invocations=0 (full 0):
 garbage-first heap   total 131072K, used 18432K [0x0000000081800000, 0x0000000100000000)
  region size 1024K, 14 young (14336K), 0 survivors (0K)
 Metaspace       used 9448K, capacity 9551K, committed 9856K, reserved 1058816K
  class space    used 778K, capacity 820K, committed 896K, reserved 1048576K
}
Event: 1.242 GC heap after
{Heap after GC invocations=1 (full 0):
 garbage-first heap   total 131072K, used 6291K [0x0000000081800000, 0x0000000100000000)
  region size 1024K, 2 young (2048K), 2 survivors (2048K)
 Metaspace       used 9448K, capacity 9551K, committed 9856K, reserved 1058816K
  class space    used 778K, capacity 820K, committed 896K, reserved 1048576K
}
Event: 3.529 GC heap before
{Heap before GC invocations=1 (full 0):
 garbage-first heap   total 131072K, used 59539K [0x0000000081800000, 0x0000000100000000)
  region size 1024K, 55 young (56320K), 2 survivors (2048K)
 Metaspace       used 20989K, capacity 21185K, committed 21248K, reserved 1069056K
  class space    used 2212K, capacity 2302K, committed 2304K, reserved 1048576K
}
Event: 3.548 GC heap after
{Heap after GC invocations=2 (full 0):
 garbage-first heap   total 131072K, used 10609K [0x0000000081800000, 0x0000000100000000)
  region size 1024K, 7 young (7168K), 7 survivors (7168K)
 Metaspace       used 20989K, capacity 21185K, committed 21248K, reserved 1069056K
  class space    used 2212K, capacity 2302K, committed 2304K, reserved 1048576K
}
Event: 7.835 GC heap before
{Heap before GC invocations=3 (full 0):
 garbage-first heap   total 131072K, used 73073K [0x0000000081800000, 0x0000000100000000)
  region size 1024K, 62 young (63488K), 7 survivors (7168K)
 Metaspace       used 33007K, capacity 33453K, committed 33664K, reserved 1079296K
  class space    used 4024K, capacity 4210K, committed 4224K, reserved 1048576K
}
Event: 7.858 GC heap after
{Heap after GC invocations=4 (full 0):
 garbage-first heap   total 131072K, used 23820K [0x0000000081800000, 0x0000000100000000)
  region size 1024K, 8 young (8192K), 8 survivors (8192K)
 Metaspace       used 33007K, capacity 33453K, committed 33664K, reserved 1079296K
  class space    used 4024K, capacity 4210K, committed 4224K, reserved 1048576K
}
Event: 8.064 GC heap before
{Heap before GC invocations=4 (full 0):
 garbage-first heap   total 131072K, used 26892K [0x0000000081800000, 0x0000000100000000)
  region size 1024K, 11 young (11264K), 8 survivors (8192K)
 Metaspace       used 33971K, capacity 34445K, committed 34560K, reserved 1079296K
  class space    used 4130K, capacity 4306K, committed 4352K, reserved 1048576K
}
Event: 8.078 GC heap after
{Heap after GC invocations=5 (full 0):
 garbage-first heap   total 131072K, used 25644K [0x0000000081800000, 0x0000000100000000)
  region size 1024K, 2 young (2048K), 2 survivors (2048K)
 Metaspace       used 33971K, capacity 34445K, committed 34560K, reserved 1079296K
  class space    used 4130K, capacity 4306K, committed 4352K, reserved 1048576K
}
Event: 8.372 GC heap before
{Heap before GC invocations=5 (full 0):
 garbage-first heap   total 131072K, used 31788K [0x0000000081800000, 0x0000000100000000)
  region size 1024K, 9 young (9216K), 2 survivors (2048K)
 Metaspace       used 35312K, capacity 35725K, committed 35840K, reserved 1081344K
  class space    used 4251K, capacity 4434K, committed 4480K, reserved 1048576K
}
Event: 8.376 GC heap after
{Heap after GC invocations=6 (full 0):
 garbage-first heap   total 131072K, used 25152K [0x0000000081800000, 0x0000000100000000)
  region size 1024K, 1 young (1024K), 1 survivors (1024K)
 Metaspace       used 35312K, capacity 35725K, committed 35840K, reserved 1081344K
  class space    used 4251K, capacity 4434K, committed 4480K, reserved 1048576K
}
Event: 11.763 GC heap before
{Heap before GC invocations=7 (full 0):
 garbage-first heap   total 131072K, used 72256K [0x0000000081800000, 0x0000000100000000)
  region size 1024K, 47 young (48128K), 1 survivors (1024K)
 Metaspace       used 44816K, capacity 45264K, committed 45440K, reserved 1089536K
  class space    used 5199K, capacity 5391K, committed 5504K, reserved 1048576K
}
Event: 11.771 GC heap after
{Heap after GC invocations=8 (full 0):
 garbage-first heap   total 131072K, used 28038K [0x0000000081800000, 0x0000000100000000)
  region size 1024K, 6 young (6144K), 6 survivors (6144K)
 Metaspace       used 44816K, capacity 45264K, committed 45440K, reserved 1089536K
  class space    used 5199K, capacity 5391K, committed 5504K, reserved 1048576K
}
Event: 18.021 GC heap before
{Heap before GC invocations=8 (full 0):
 garbage-first heap   total 131072K, used 79238K [0x0000000081800000, 0x0000000100000000)
  region size 1024K, 53 young (54272K), 6 survivors (6144K)
 Metaspace       used 54124K, capacity 54785K, committed 55040K, reserved 1097728K
  class space    used 6306K, capacity 6573K, committed 6656K, reserved 1048576K
}
Event: 18.043 GC heap after
{Heap after GC invocations=9 (full 0):
 garbage-first heap   total 131072K, used 39131K [0x0000000081800000, 0x0000000100000000)
  region size 1024K, 7 young (7168K), 7 survivors (7168K)
 Metaspace       used 54124K, capacity 54785K, committed 55040K, reserved 1097728K
  class space    used 6306K, capacity 6573K, committed 6656K, reserved 1048576K
}
Event: 21.223 GC heap before
{Heap before GC invocations=9 (full 0):
 garbage-first heap   total 131072K, used 84187K [0x0000000081800000, 0x0000000100000000)
  region size 1024K, 51 young (52224K), 7 survivors (7168K)
 Metaspace       used 56098K, capacity 56734K, committed 56960K, reserved 1099776K
  class space    used 6453K, capacity 6717K, committed 6784K, reserved 1048576K
}
Event: 21.241 GC heap after
{Heap after GC invocations=10 (full 0):
 garbage-first heap   total 131072K, used 43610K [0x0000000081800000, 0x0000000100000000)
  region size 1024K, 5 young (5120K), 5 survivors (5120K)
 Metaspace       used 56098K, capacity 56734K, committed 56960K, reserved 1099776K
  class space    used 6453K, capacity 6717K, committed 6784K, reserved 1048576K
}

