# JRE version: OpenJDK Runtime Environment Temurin-17.0.6+10 (17.0.6+10) (build 17.0.6+10)
# Java VM: OpenJDK 64-Bit Server VM Temurin-17.0.6+10 (17.0.6+10, mixed mode, sharing, tiered, compressed oops, compressed class ptrs, g1 gc, windows-amd64)
GC Precious Log:
 CPUs: 4 total, 4 available
 Memory: 8089M
 Large Page Support: Disabled
 NUMA Support: Disabled
 Compressed Oops: Enabled (32-bit)
 Heap Region Size: 1M
 Heap Min Capacity: 8M
 Heap Initial Capacity: 128M
 Heap Max Capacity: 2G
 Pre-touch: Disabled
 Parallel Workers: 4
 Concurrent Workers: 1
 Concurrent Refinement Workers: 4
 Periodic GC: Disabled
Heap:
 garbage-first heap   total 304128K, used 210432K [0x0000000080000000, 0x0000000100000000)
  region size 1024K, 7 young (7168K), 7 survivors (7168K)
 Metaspace       used 103654K, committed 105344K, reserved 512000K
  class space    used 14402K, committed 15232K, reserved 421888K
GC Heap History (20 events):
Event: 19.736 GC heap after
{Heap after GC invocations=31 (full 0):
 garbage-first heap   total 132096K, used 76387K [0x0000000080000000, 0x0000000100000000)
  region size 1024K, 1 young (1024K), 1 survivors (1024K)
 Metaspace       used 63373K, committed 64064K, reserved 479232K
  class space    used 8855K, committed 9152K, reserved 421888K
}
Event: 20.149 GC heap before
{Heap before GC invocations=31 (full 0):
 garbage-first heap   total 132096K, used 104035K [0x0000000080000000, 0x0000000100000000)
  region size 1024K, 28 young (28672K), 1 survivors (1024K)
 Metaspace       used 67547K, committed 68288K, reserved 487424K
  class space    used 9290K, committed 9664K, reserved 421888K
}
Event: 20.152 GC heap after
{Heap after GC invocations=32 (full 0):
 garbage-first heap   total 132096K, used 77033K [0x0000000080000000, 0x0000000100000000)
  region size 1024K, 2 young (2048K), 2 survivors (2048K)
 Metaspace       used 67547K, committed 68288K, reserved 487424K
  class space    used 9290K, committed 9664K, reserved 421888K
}
Event: 20.657 GC heap before
{Heap before GC invocations=33 (full 0):
 garbage-first heap   total 138240K, used 111849K [0x0000000080000000, 0x0000000100000000)
  region size 1024K, 30 young (30720K), 2 survivors (2048K)
 Metaspace       used 70379K, committed 71168K, reserved 487424K
  class space    used 9638K, committed 10048K, reserved 421888K
}
Event: 20.663 GC heap after
{Heap after GC invocations=34 (full 0):
 garbage-first heap   total 138240K, used 80481K [0x0000000080000000, 0x0000000100000000)
  region size 1024K, 4 young (4096K), 4 survivors (4096K)
 Metaspace       used 70379K, committed 71168K, reserved 487424K
  class space    used 9638K, committed 10048K, reserved 421888K
}
Event: 20.682 GC heap before
{Heap before GC invocations=34 (full 0):
 garbage-first heap   total 138240K, used 82529K [0x0000000080000000, 0x0000000100000000)
  region size 1024K, 6 young (6144K), 4 survivors (4096K)
 Metaspace       used 70536K, committed 71296K, reserved 487424K
  class space    used 9661K, committed 10048K, reserved 421888K
}
Event: 20.689 GC heap after
{Heap after GC invocations=35 (full 0):
 garbage-first heap   total 304128K, used 80178K [0x0000000080000000, 0x0000000100000000)
  region size 1024K, 1 young (1024K), 1 survivors (1024K)
 Metaspace       used 70536K, committed 71296K, reserved 487424K
  class space    used 9661K, committed 10048K, reserved 421888K
}
Event: 29.762 GC heap before
{Heap before GC invocations=35 (full 0):
 garbage-first heap   total 304128K, used 231730K [0x0000000080000000, 0x0000000100000000)
  region size 1024K, 148 young (151552K), 1 survivors (1024K)
 Metaspace       used 81472K, committed 82368K, reserved 495616K
  class space    used 11337K, committed 11776K, reserved 421888K
}
Event: 29.778 GC heap after
{Heap after GC invocations=36 (full 0):
 garbage-first heap   total 304128K, used 91773K [0x0000000080000000, 0x0000000100000000)
  region size 1024K, 12 young (12288K), 12 survivors (12288K)
 Metaspace       used 81472K, committed 82368K, reserved 495616K
  class space    used 11337K, committed 11776K, reserved 421888K
}
Event: 31.932 GC heap before
{Heap before GC invocations=36 (full 0):
 garbage-first heap   total 304128K, used 235133K [0x0000000080000000, 0x0000000100000000)
  region size 1024K, 146 young (149504K), 12 survivors (12288K)
 Metaspace       used 87477K, committed 88512K, reserved 503808K
  class space    used 12194K, committed 12736K, reserved 421888K
}
Event: 31.965 GC heap after
{Heap after GC invocations=37 (full 0):
 garbage-first heap   total 304128K, used 118928K [0x0000000080000000, 0x0000000100000000)
  region size 1024K, 19 young (19456K), 19 survivors (19456K)
 Metaspace       used 87477K, committed 88512K, reserved 503808K
  class space    used 12194K, committed 12736K, reserved 421888K
}
Event: 33.878 GC heap before
{Heap before GC invocations=37 (full 0):
 garbage-first heap   total 304128K, used 229520K [0x0000000080000000, 0x0000000100000000)
  region size 1024K, 127 young (130048K), 19 survivors (19456K)
 Metaspace       used 93426K, committed 94528K, reserved 503808K
  class space    used 12961K, committed 13504K, reserved 421888K
}
Event: 33.910 GC heap after
{Heap after GC invocations=38 (full 0):
 garbage-first heap   total 304128K, used 134144K [0x0000000080000000, 0x0000000100000000)
  region size 1024K, 15 young (15360K), 15 survivors (15360K)
 Metaspace       used 93426K, committed 94528K, reserved 503808K
  class space    used 12961K, committed 13504K, reserved 421888K
}
Event: 35.531 GC heap before
{Heap before GC invocations=38 (full 0):
 garbage-first heap   total 304128K, used 235520K [0x0000000080000000, 0x0000000100000000)
  region size 1024K, 114 young (116736K), 15 survivors (15360K)
 Metaspace       used 96517K, committed 97920K, reserved 512000K
  class space    used 13424K, committed 14080K, reserved 421888K
}
Event: 35.572 GC heap after
{Heap after GC invocations=39 (full 0):
 garbage-first heap   total 304128K, used 151552K [0x0000000080000000, 0x0000000100000000)
  region size 1024K, 15 young (15360K), 15 survivors (15360K)
 Metaspace       used 96517K, committed 97920K, reserved 512000K
  class space    used 13424K, committed 14080K, reserved 421888K
}
Event: 36.615 GC heap before
{Heap before GC invocations=39 (full 0):
 garbage-first heap   total 304128K, used 250880K [0x0000000080000000, 0x0000000100000000)
  region size 1024K, 100 young (102400K), 15 survivors (15360K)
 Metaspace       used 99036K, committed 100480K, reserved 512000K
  class space    used 13768K, committed 14464K, reserved 421888K
}
Event: 36.646 GC heap after
{Heap after GC invocations=40 (full 0):
 garbage-first heap   total 304128K, used 185856K [0x0000000080000000, 0x0000000100000000)
  region size 1024K, 13 young (13312K), 13 survivors (13312K)
 Metaspace       used 99036K, committed 100480K, reserved 512000K
  class space    used 13768K, committed 14464K, reserved 421888K
}
Event: 37.453 GC heap before
{Heap before GC invocations=40 (full 0):
 garbage-first heap   total 304128K, used 246272K [0x0000000080000000, 0x0000000100000000)
  region size 1024K, 70 young (71680K), 13 survivors (13312K)
 Metaspace       used 101484K, committed 102976K, reserved 512000K
  class space    used 14100K, committed 14848K, reserved 421888K
}
Event: 37.478 GC heap after
{Heap after GC invocations=41 (full 0):
 garbage-first heap   total 304128K, used 198656K [0x0000000080000000, 0x0000000100000000)
  region size 1024K, 9 young (9216K), 9 survivors (9216K)
 Metaspace       used 101484K, committed 102976K, reserved 512000K
  class space    used 14100K, committed 14848K, reserved 421888K
}
Event: 38.228 GC heap before
{Heap before GC invocations=41 (full 0):
 garbage-first heap   total 304128K, used 251904K [0x0000000080000000, 0x0000000100000000)
  region size 1024K, 56 young (57344K), 9 survivors (9216K)
 Metaspace       used 103654K, committed 105344K, reserved 512000K
  class space    used 14402K, committed 15232K, reserved 421888K
}

