# JRE version: OpenJDK Runtime Environment (11.0.15) (build 11.0.15+0-b2043.56-9505619)
# Java VM: OpenJDK 64-Bit Server VM (11.0.15+0-b2043.56-9505619, mixed mode, tiered, compressed oops, g1 gc, windows-amd64)
Heap:
 garbage-first heap   total 131072K, used 81524K [0x0000000081800000, 0x0000000100000000)
  region size 1024K, 60 young (61440K), 8 survivors (8192K)
 Metaspace       used 52743K, capacity 53308K, committed 53456K, reserved 1095680K
  class space    used 6068K, capacity 6306K, committed 6396K, reserved 1048576K
GC Heap History (10 events):
Event: 0.965 GC heap before
{Heap before GC invocations=0 (full 0):
 garbage-first heap   total 131072K, used 17408K [0x0000000081800000, 0x0000000100000000)
  region size 1024K, 14 young (14336K), 0 survivors (0K)
 Metaspace       used 9851K, capacity 9970K, committed 10112K, reserved 1058816K
  class space    used 828K, capacity 853K, committed 896K, reserved 1048576K
}
Event: 1.007 GC heap after
{Heap after GC invocations=1 (full 0):
 garbage-first heap   total 131072K, used 5461K [0x0000000081800000, 0x0000000100000000)
  region size 1024K, 2 young (2048K), 2 survivors (2048K)
 Metaspace       used 9851K, capacity 9970K, committed 10112K, reserved 1058816K
  class space    used 828K, capacity 853K, committed 896K, reserved 1048576K
}
Event: 3.867 GC heap before
{Heap before GC invocations=1 (full 0):
 garbage-first heap   total 131072K, used 51541K [0x0000000081800000, 0x0000000100000000)
  region size 1024K, 48 young (49152K), 2 survivors (2048K)
 Metaspace       used 21003K, capacity 21182K, committed 21248K, reserved 1069056K
  class space    used 2213K, capacity 2280K, committed 2304K, reserved 1048576K
}
Event: 3.879 GC heap after
{Heap after GC invocations=2 (full 0):
 garbage-first heap   total 131072K, used 9174K [0x0000000081800000, 0x0000000100000000)
  region size 1024K, 6 young (6144K), 6 survivors (6144K)
 Metaspace       used 21003K, capacity 21182K, committed 21248K, reserved 1069056K
  class space    used 2213K, capacity 2280K, committed 2304K, reserved 1048576K
}
Event: 8.029 GC heap before
{Heap before GC invocations=3 (full 0):
 garbage-first heap   total 131072K, used 62422K [0x0000000081800000, 0x0000000100000000)
  region size 1024K, 53 young (54272K), 6 survivors (6144K)
 Metaspace       used 31971K, capacity 32413K, committed 32636K, reserved 1077248K
  class space    used 3945K, capacity 4117K, committed 4220K, reserved 1048576K
}
Event: 8.048 GC heap after
{Heap after GC invocations=4 (full 0):
 garbage-first heap   total 131072K, used 21045K [0x0000000081800000, 0x0000000100000000)
  region size 1024K, 7 young (7168K), 7 survivors (7168K)
 Metaspace       used 31971K, capacity 32413K, committed 32636K, reserved 1077248K
  class space    used 3945K, capacity 4117K, committed 4220K, reserved 1048576K
}
Event: 9.509 GC heap before
{Heap before GC invocations=4 (full 0):
 garbage-first heap   total 131072K, used 36405K [0x0000000081800000, 0x0000000100000000)
  region size 1024K, 23 young (23552K), 7 survivors (7168K)
 Metaspace       used 35483K, capacity 35885K, committed 36048K, reserved 1081344K
  class space    used 4335K, capacity 4507K, committed 4604K, reserved 1048576K
}
Event: 9.520 GC heap after
{Heap after GC invocations=5 (full 0):
 garbage-first heap   total 131072K, used 20387K [0x0000000081800000, 0x0000000100000000)
  region size 1024K, 2 young (2048K), 2 survivors (2048K)
 Metaspace       used 35483K, capacity 35885K, committed 36048K, reserved 1081344K
  class space    used 4335K, capacity 4507K, committed 4604K, reserved 1048576K
}
Event: 16.021 GC heap before
{Heap before GC invocations=6 (full 0):
 garbage-first heap   total 131072K, used 79779K [0x0000000081800000, 0x0000000100000000)
  region size 1024K, 58 young (59392K), 2 survivors (2048K)
 Metaspace       used 47168K, capacity 47738K, committed 47952K, reserved 1091584K
  class space    used 5503K, capacity 5719K, committed 5756K, reserved 1048576K
}
Event: 16.034 GC heap after
{Heap after GC invocations=7 (full 0):
 garbage-first heap   total 131072K, used 28276K [0x0000000081800000, 0x0000000100000000)
  region size 1024K, 8 young (8192K), 8 survivors (8192K)
 Metaspace       used 47168K, capacity 47738K, committed 47952K, reserved 1091584K
  class space    used 5503K, capacity 5719K, committed 5756K, reserved 1048576K
}

