# JRE version: OpenJDK Runtime Environment Temurin-17.0.6+10 (17.0.6+10) (build 17.0.6+10)
# Java VM: OpenJDK 64-Bit Server VM Temurin-17.0.6+10 (17.0.6+10, mixed mode, sharing, tiered, compressed oops, compressed class ptrs, g1 gc, windows-amd64)
GC Precious Log:
 CPUs: 4 total, 4 available
 Memory: 8089M
 Large Page Support: Disabled
 NUMA Support: Disabled
 Compressed Oops: Enabled (32-bit)
 Heap Region Size: 1M
 Heap Min Capacity: 8M
 Heap Initial Capacity: 128M
 Heap Max Capacity: 2024M
 Pre-touch: Disabled
 Parallel Workers: 4
 Concurrent Workers: 1
 Concurrent Refinement Workers: 4
 Periodic GC: Disabled
Heap:
 garbage-first heap   total 131072K, used 73836K [0x0000000081800000, 0x0000000100000000)
  region size 1024K, 3 young (3072K), 3 survivors (3072K)
 Metaspace       used 60248K, committed 60544K, reserved 1105920K
  class space    used 6908K, committed 7040K, reserved 1048576K
GC Heap History (20 events):
Event: 10.993 GC heap after
{Heap after GC invocations=16 (full 0):
 garbage-first heap   total 96256K, used 53882K [0x0000000081800000, 0x0000000100000000)
  region size 1024K, 4 young (4096K), 4 survivors (4096K)
 Metaspace       used 52854K, committed 53120K, reserved 1097728K
  class space    used 6359K, committed 6464K, reserved 1048576K
}
Event: 11.499 GC heap before
{Heap before GC invocations=17 (full 0):
 garbage-first heap   total 96256K, used 75386K [0x0000000081800000, 0x0000000100000000)
  region size 1024K, 25 young (25600K), 4 survivors (4096K)
 Metaspace       used 53597K, committed 53888K, reserved 1097728K
  class space    used 6435K, committed 6592K, reserved 1048576K
}
Event: 11.516 GC heap after
{Heap after GC invocations=18 (full 0):
 garbage-first heap   total 96256K, used 56855K [0x0000000081800000, 0x0000000100000000)
  region size 1024K, 3 young (3072K), 3 survivors (3072K)
 Metaspace       used 53597K, committed 53888K, reserved 1097728K
  class space    used 6435K, committed 6592K, reserved 1048576K
}
Event: 12.443 GC heap before
{Heap before GC invocations=18 (full 0):
 garbage-first heap   total 96256K, used 76311K [0x0000000081800000, 0x0000000100000000)
  region size 1024K, 22 young (22528K), 3 survivors (3072K)
 Metaspace       used 55306K, committed 55616K, reserved 1097728K
  class space    used 6568K, committed 6720K, reserved 1048576K
}
Event: 12.455 GC heap after
{Heap after GC invocations=19 (full 0):
 garbage-first heap   total 115712K, used 57853K [0x0000000081800000, 0x0000000100000000)
  region size 1024K, 2 young (2048K), 2 survivors (2048K)
 Metaspace       used 55306K, committed 55616K, reserved 1097728K
  class space    used 6568K, committed 6720K, reserved 1048576K
}
Event: 14.246 GC heap before
{Heap before GC invocations=20 (full 0):
 garbage-first heap   total 115712K, used 89597K [0x0000000081800000, 0x0000000100000000)
  region size 1024K, 33 young (33792K), 2 survivors (2048K)
 Metaspace       used 57609K, committed 57920K, reserved 1105920K
  class space    used 6734K, committed 6848K, reserved 1048576K
}
Event: 14.261 GC heap after
{Heap after GC invocations=21 (full 0):
 garbage-first heap   total 115712K, used 61356K [0x0000000081800000, 0x0000000100000000)
  region size 1024K, 5 young (5120K), 5 survivors (5120K)
 Metaspace       used 57609K, committed 57920K, reserved 1105920K
  class space    used 6734K, committed 6848K, reserved 1048576K
}
Event: 14.324 GC heap before
{Heap before GC invocations=21 (full 0):
 garbage-first heap   total 115712K, used 62380K [0x0000000081800000, 0x0000000100000000)
  region size 1024K, 6 young (6144K), 5 survivors (5120K)
 Metaspace       used 57659K, committed 57920K, reserved 1105920K
  class space    used 6736K, committed 6848K, reserved 1048576K
}
Event: 14.338 GC heap after
{Heap after GC invocations=22 (full 0):
 garbage-first heap   total 115712K, used 61501K [0x0000000081800000, 0x0000000100000000)
  region size 1024K, 1 young (1024K), 1 survivors (1024K)
 Metaspace       used 57659K, committed 57920K, reserved 1105920K
  class space    used 6736K, committed 6848K, reserved 1048576K
}
Event: 15.840 GC heap before
{Heap before GC invocations=22 (full 0):
 garbage-first heap   total 115712K, used 80957K [0x0000000081800000, 0x0000000100000000)
  region size 1024K, 21 young (21504K), 1 survivors (1024K)
 Metaspace       used 58359K, committed 58688K, reserved 1105920K
  class space    used 6765K, committed 6912K, reserved 1048576K
}
Event: 15.848 GC heap after
{Heap after GC invocations=23 (full 0):
 garbage-first heap   total 115712K, used 63081K [0x0000000081800000, 0x0000000100000000)
  region size 1024K, 3 young (3072K), 3 survivors (3072K)
 Metaspace       used 58359K, committed 58688K, reserved 1105920K
  class space    used 6765K, committed 6912K, reserved 1048576K
}
Event: 17.074 GC heap before
{Heap before GC invocations=24 (full 0):
 garbage-first heap   total 124928K, used 93801K [0x0000000081800000, 0x0000000100000000)
  region size 1024K, 30 young (30720K), 3 survivors (3072K)
 Metaspace       used 59122K, committed 59392K, reserved 1105920K
  class space    used 6843K, committed 6976K, reserved 1048576K
}
Event: 17.087 GC heap after
{Heap after GC invocations=25 (full 0):
 garbage-first heap   total 124928K, used 67646K [0x0000000081800000, 0x0000000100000000)
  region size 1024K, 3 young (3072K), 3 survivors (3072K)
 Metaspace       used 59122K, committed 59392K, reserved 1105920K
  class space    used 6843K, committed 6976K, reserved 1048576K
}
Event: 18.625 GC heap before
{Heap before GC invocations=25 (full 0):
 garbage-first heap   total 124928K, used 100414K [0x0000000081800000, 0x0000000100000000)
  region size 1024K, 35 young (35840K), 3 survivors (3072K)
 Metaspace       used 59716K, committed 60032K, reserved 1105920K
  class space    used 6886K, committed 7040K, reserved 1048576K
}
Event: 18.639 GC heap after
{Heap after GC invocations=26 (full 0):
 garbage-first heap   total 124928K, used 69811K [0x0000000081800000, 0x0000000100000000)
  region size 1024K, 5 young (5120K), 5 survivors (5120K)
 Metaspace       used 59716K, committed 60032K, reserved 1105920K
  class space    used 6886K, committed 7040K, reserved 1048576K
}
Event: 20.351 GC heap before
{Heap before GC invocations=27 (full 0):
 garbage-first heap   total 124928K, used 101555K [0x0000000081800000, 0x0000000100000000)
  region size 1024K, 36 young (36864K), 5 survivors (5120K)
 Metaspace       used 60027K, committed 60288K, reserved 1105920K
  class space    used 6906K, committed 7040K, reserved 1048576K
}
Event: 20.369 GC heap after
{Heap after GC invocations=28 (full 0):
 garbage-first heap   total 124928K, used 72015K [0x0000000081800000, 0x0000000100000000)
  region size 1024K, 5 young (5120K), 5 survivors (5120K)
 Metaspace       used 60027K, committed 60288K, reserved 1105920K
  class space    used 6906K, committed 7040K, reserved 1048576K
}
Event: 20.419 GC heap before
{Heap before GC invocations=28 (full 0):
 garbage-first heap   total 124928K, used 73039K [0x0000000081800000, 0x0000000100000000)
  region size 1024K, 6 young (6144K), 5 survivors (5120K)
 Metaspace       used 60029K, committed 60288K, reserved 1105920K
  class space    used 6906K, committed 7040K, reserved 1048576K
}
Event: 20.439 GC heap after
{Heap after GC invocations=29 (full 0):
 garbage-first heap   total 124928K, used 72504K [0x0000000081800000, 0x0000000100000000)
  region size 1024K, 1 young (1024K), 1 survivors (1024K)
 Metaspace       used 60029K, committed 60288K, reserved 1105920K
  class space    used 6906K, committed 7040K, reserved 1048576K
}
Event: 21.763 GC heap before
{Heap before GC invocations=29 (full 0):
 garbage-first heap   total 124928K, used 103224K [0x0000000081800000, 0x0000000100000000)
  region size 1024K, 31 young (31744K), 1 survivors (1024K)
 Metaspace       used 60248K, committed 60544K, reserved 1105920K
  class space    used 6908K, committed 7040K, reserved 1048576K
}

