# JRE version: OpenJDK Runtime Environment Temurin-17.0.6+10 (17.0.6+10) (build 17.0.6+10)
# Java VM: OpenJDK 64-Bit Server VM Temurin-17.0.6+10 (17.0.6+10, mixed mode, sharing, tiered, compressed oops, compressed class ptrs, g1 gc, windows-amd64)
GC Precious Log:
 CPUs: 4 total, 4 available
 Memory: 8089M
 Large Page Support: Disabled
 NUMA Support: Disabled
 Compressed Oops: Enabled (32-bit)
 Heap Region Size: 1M
 Heap Min Capacity: 8M
 Heap Initial Capacity: 128M
 Heap Max Capacity: 2024M
 Pre-touch: Disabled
 Parallel Workers: 4
 Concurrent Workers: 1
 Concurrent Refinement Workers: 4
 Periodic GC: Disabled
Heap:
 garbage-first heap   total 96256K, used 67925K [0x0000000081800000, 0x0000000100000000)
  region size 1024K, 37 young (37888K), 2 survivors (2048K)
 Metaspace       used 42525K, committed 42816K, reserved 1089536K
  class space    used 5205K, committed 5312K, reserved 1048576K
GC Heap History (20 events):
Event: 0.777 GC heap before
{Heap before GC invocations=0 (full 0):
 garbage-first heap   total 131072K, used 16384K [0x0000000081800000, 0x0000000100000000)
  region size 1024K, 13 young (13312K), 0 survivors (0K)
 Metaspace       used 3882K, committed 3968K, reserved 1056768K
  class space    used 326K, committed 384K, reserved 1048576K
}
Event: 0.782 GC heap after
{Heap after GC invocations=1 (full 0):
 garbage-first heap   total 131072K, used 5264K [0x0000000081800000, 0x0000000100000000)
  region size 1024K, 2 young (2048K), 2 survivors (2048K)
 Metaspace       used 3882K, committed 3968K, reserved 1056768K
  class space    used 326K, committed 384K, reserved 1048576K
}
Event: 1.164 GC heap before
{Heap before GC invocations=1 (full 0):
 garbage-first heap   total 131072K, used 22672K [0x0000000081800000, 0x0000000100000000)
  region size 1024K, 19 young (19456K), 2 survivors (2048K)
 Metaspace       used 7902K, committed 8000K, reserved 1064960K
  class space    used 831K, committed 896K, reserved 1048576K
}
Event: 1.170 GC heap after
{Heap after GC invocations=2 (full 0):
 garbage-first heap   total 131072K, used 7052K [0x0000000081800000, 0x0000000100000000)
  region size 1024K, 2 young (2048K), 2 survivors (2048K)
 Metaspace       used 7902K, committed 8000K, reserved 1064960K
  class space    used 831K, committed 896K, reserved 1048576K
}
Event: 2.690 GC heap before
{Heap before GC invocations=2 (full 0):
 garbage-first heap   total 131072K, used 61324K [0x0000000081800000, 0x0000000100000000)
  region size 1024K, 53 young (54272K), 2 survivors (2048K)
 Metaspace       used 21339K, committed 21504K, reserved 1073152K
  class space    used 2792K, committed 2880K, reserved 1048576K
}
Event: 2.699 GC heap after
{Heap after GC invocations=3 (full 0):
 garbage-first heap   total 131072K, used 14470K [0x0000000081800000, 0x0000000100000000)
  region size 1024K, 6 young (6144K), 6 survivors (6144K)
 Metaspace       used 21339K, committed 21504K, reserved 1073152K
  class space    used 2792K, committed 2880K, reserved 1048576K
}
Event: 3.523 GC heap before
{Heap before GC invocations=4 (full 0):
 garbage-first heap   total 55296K, used 43142K [0x0000000081800000, 0x0000000100000000)
  region size 1024K, 32 young (32768K), 6 survivors (6144K)
 Metaspace       used 25564K, committed 25792K, reserved 1073152K
  class space    used 3469K, committed 3584K, reserved 1048576K
}
Event: 3.546 GC heap after
{Heap after GC invocations=5 (full 0):
 garbage-first heap   total 55296K, used 21007K [0x0000000081800000, 0x0000000100000000)
  region size 1024K, 4 young (4096K), 4 survivors (4096K)
 Metaspace       used 25564K, committed 25792K, reserved 1073152K
  class space    used 3469K, committed 3584K, reserved 1048576K
}
Event: 3.576 GC heap before
{Heap before GC invocations=5 (full 0):
 garbage-first heap   total 55296K, used 22031K [0x0000000081800000, 0x0000000100000000)
  region size 1024K, 5 young (5120K), 4 survivors (4096K)
 Metaspace       used 25668K, committed 25856K, reserved 1073152K
  class space    used 3475K, committed 3584K, reserved 1048576K
}
Event: 3.584 GC heap after
{Heap after GC invocations=6 (full 0):
 garbage-first heap   total 55296K, used 22211K [0x0000000081800000, 0x0000000100000000)
  region size 1024K, 1 young (1024K), 1 survivors (1024K)
 Metaspace       used 25668K, committed 25856K, reserved 1073152K
  class space    used 3475K, committed 3584K, reserved 1048576K
}
Event: 4.322 GC heap before
{Heap before GC invocations=6 (full 0):
 garbage-first heap   total 55296K, used 39619K [0x0000000081800000, 0x0000000100000000)
  region size 1024K, 19 young (19456K), 1 survivors (1024K)
 Metaspace       used 28988K, committed 29184K, reserved 1081344K
  class space    used 3833K, committed 3904K, reserved 1048576K
}
Event: 4.327 GC heap after
{Heap after GC invocations=7 (full 0):
 garbage-first heap   total 55296K, used 22156K [0x0000000081800000, 0x0000000100000000)
  region size 1024K, 3 young (3072K), 3 survivors (3072K)
 Metaspace       used 28988K, committed 29184K, reserved 1081344K
  class space    used 3833K, committed 3904K, reserved 1048576K
}
Event: 5.380 GC heap before
{Heap before GC invocations=7 (full 0):
 garbage-first heap   total 55296K, used 40588K [0x0000000081800000, 0x0000000100000000)
  region size 1024K, 21 young (21504K), 3 survivors (3072K)
 Metaspace       used 32631K, committed 32832K, reserved 1081344K
  class space    used 4146K, committed 4224K, reserved 1048576K
}
Event: 5.387 GC heap after
{Heap after GC invocations=8 (full 0):
 garbage-first heap   total 55296K, used 23805K [0x0000000081800000, 0x0000000100000000)
  region size 1024K, 2 young (2048K), 2 survivors (2048K)
 Metaspace       used 32631K, committed 32832K, reserved 1081344K
  class space    used 4146K, committed 4224K, reserved 1048576K
}
Event: 7.155 GC heap before
{Heap before GC invocations=8 (full 0):
 garbage-first heap   total 55296K, used 37117K [0x0000000081800000, 0x0000000100000000)
  region size 1024K, 16 young (16384K), 2 survivors (2048K)
 Metaspace       used 35843K, committed 36096K, reserved 1081344K
  class space    used 4473K, committed 4544K, reserved 1048576K
}
Event: 7.164 GC heap after
{Heap after GC invocations=9 (full 0):
 garbage-first heap   total 55296K, used 25808K [0x0000000081800000, 0x0000000100000000)
  region size 1024K, 3 young (3072K), 3 survivors (3072K)
 Metaspace       used 35843K, committed 36096K, reserved 1081344K
  class space    used 4473K, committed 4544K, reserved 1048576K
}
Event: 8.002 GC heap before
{Heap before GC invocations=10 (full 0):
 garbage-first heap   total 55296K, used 42192K [0x0000000081800000, 0x0000000100000000)
  region size 1024K, 18 young (18432K), 3 survivors (3072K)
 Metaspace       used 38854K, committed 39104K, reserved 1089536K
  class space    used 4812K, committed 4928K, reserved 1048576K
}
Event: 8.013 GC heap after
{Heap after GC invocations=11 (full 0):
 garbage-first heap   total 55296K, used 30224K [0x0000000081800000, 0x0000000100000000)
  region size 1024K, 3 young (3072K), 3 survivors (3072K)
 Metaspace       used 38854K, committed 39104K, reserved 1089536K
  class space    used 4812K, committed 4928K, reserved 1048576K
}
Event: 8.417 GC heap before
{Heap before GC invocations=11 (full 0):
 garbage-first heap   total 55296K, used 36368K [0x0000000081800000, 0x0000000100000000)
  region size 1024K, 11 young (11264K), 3 survivors (3072K)
 Metaspace       used 39457K, committed 39744K, reserved 1089536K
  class space    used 4866K, committed 4992K, reserved 1048576K
}
Event: 8.426 GC heap after
{Heap after GC invocations=12 (full 0):
 garbage-first heap   total 96256K, used 32085K [0x0000000081800000, 0x0000000100000000)
  region size 1024K, 2 young (2048K), 2 survivors (2048K)
 Metaspace       used 39457K, committed 39744K, reserved 1089536K
  class space    used 4866K, committed 4992K, reserved 1048576K
}

