# JRE version: OpenJDK Runtime Environment Temurin-17.0.6+10 (17.0.6+10) (build 17.0.6+10)
# Java VM: OpenJDK 64-Bit Server VM Temurin-17.0.6+10 (17.0.6+10, mixed mode, sharing, tiered, compressed oops, compressed class ptrs, g1 gc, windows-amd64)
GC Precious Log:
 CPUs: 4 total, 4 available
 Memory: 8089M
 Large Page Support: Disabled
 NUMA Support: Disabled
 Compressed Oops: Enabled (32-bit)
 Heap Region Size: 1M
 Heap Min Capacity: 8M
 Heap Initial Capacity: 128M
 Heap Max Capacity: 2G
 Pre-touch: Disabled
 Parallel Workers: 4
 Concurrent Workers: 1
 Concurrent Refinement Workers: 4
 Periodic GC: Disabled
Heap:
 garbage-first heap   total 299008K, used 113344K [0x0000000080000000, 0x0000000100000000)
  region size 1024K, 18 young (18432K), 17 survivors (17408K)
 Metaspace       used 86392K, committed 87360K, reserved 503808K
  class space    used 11981K, committed 12416K, reserved 421888K
GC Heap History (20 events):
Event: 39.382 GC heap before
{Heap before GC invocations=29 (full 0):
 garbage-first heap   total 121856K, used 72646K [0x0000000080000000, 0x0000000100000000)
  region size 1024K, 15 young (15360K), 4 survivors (4096K)
 Metaspace       used 63356K, committed 64064K, reserved 479232K
  class space    used 8811K, committed 9152K, reserved 421888K
}
Event: 39.388 GC heap after
{Heap after GC invocations=30 (full 0):
 garbage-first heap   total 121856K, used 63075K [0x0000000080000000, 0x0000000100000000)
  region size 1024K, 1 young (1024K), 1 survivors (1024K)
 Metaspace       used 63356K, committed 64064K, reserved 479232K
  class space    used 8811K, committed 9152K, reserved 421888K
}
Event: 40.685 GC heap before
{Heap before GC invocations=31 (full 0):
 garbage-first heap   total 121856K, used 97891K [0x0000000080000000, 0x0000000100000000)
  region size 1024K, 35 young (35840K), 1 survivors (1024K)
 Metaspace       used 67720K, committed 68416K, reserved 487424K
  class space    used 9288K, committed 9664K, reserved 421888K
}
Event: 40.690 GC heap after
{Heap after GC invocations=32 (full 0):
 garbage-first heap   total 121856K, used 71390K [0x0000000080000000, 0x0000000100000000)
  region size 1024K, 5 young (5120K), 5 survivors (5120K)
 Metaspace       used 67720K, committed 68416K, reserved 487424K
  class space    used 9288K, committed 9664K, reserved 421888K
}
Event: 41.605 GC heap before
{Heap before GC invocations=33 (full 0):
 garbage-first heap   total 132096K, used 106206K [0x0000000080000000, 0x0000000100000000)
  region size 1024K, 32 young (32768K), 5 survivors (5120K)
 Metaspace       used 70244K, committed 70976K, reserved 487424K
  class space    used 9571K, committed 9920K, reserved 421888K
}
Event: 41.611 GC heap after
{Heap after GC invocations=34 (full 0):
 garbage-first heap   total 132096K, used 75219K [0x0000000080000000, 0x0000000100000000)
  region size 1024K, 4 young (4096K), 4 survivors (4096K)
 Metaspace       used 70244K, committed 70976K, reserved 487424K
  class space    used 9571K, committed 9920K, reserved 421888K
}
Event: 41.669 GC heap before
{Heap before GC invocations=34 (full 0):
 garbage-first heap   total 132096K, used 77267K [0x0000000080000000, 0x0000000100000000)
  region size 1024K, 6 young (6144K), 4 survivors (4096K)
 Metaspace       used 70475K, committed 71232K, reserved 487424K
  class space    used 9613K, committed 9984K, reserved 421888K
}
Event: 41.676 GC heap after
{Heap after GC invocations=35 (full 0):
 garbage-first heap   total 132096K, used 75545K [0x0000000080000000, 0x0000000100000000)
  region size 1024K, 1 young (1024K), 1 survivors (1024K)
 Metaspace       used 70475K, committed 71232K, reserved 487424K
  class space    used 9613K, committed 9984K, reserved 421888K
}
Event: 42.667 GC heap before
{Heap before GC invocations=35 (full 0):
 garbage-first heap   total 132096K, used 105241K [0x0000000080000000, 0x0000000100000000)
  region size 1024K, 30 young (30720K), 1 survivors (1024K)
 Metaspace       used 73206K, committed 73984K, reserved 487424K
  class space    used 9945K, committed 10304K, reserved 421888K
}
Event: 42.670 GC heap after
{Heap after GC invocations=36 (full 0):
 garbage-first heap   total 132096K, used 77445K [0x0000000080000000, 0x0000000100000000)
  region size 1024K, 3 young (3072K), 3 survivors (3072K)
 Metaspace       used 73206K, committed 73984K, reserved 487424K
  class space    used 9945K, committed 10304K, reserved 421888K
}
Event: 43.556 GC heap before
{Heap before GC invocations=37 (full 0):
 garbage-first heap   total 137216K, used 107141K [0x0000000080000000, 0x0000000100000000)
  region size 1024K, 32 young (32768K), 3 survivors (3072K)
 Metaspace       used 75051K, committed 75776K, reserved 487424K
  class space    used 10218K, committed 10560K, reserved 421888K
}
Event: 43.564 GC heap after
{Heap after GC invocations=38 (full 0):
 garbage-first heap   total 137216K, used 79381K [0x0000000080000000, 0x0000000100000000)
  region size 1024K, 4 young (4096K), 4 survivors (4096K)
 Metaspace       used 75051K, committed 75776K, reserved 487424K
  class space    used 10218K, committed 10560K, reserved 421888K
}
Event: 43.586 GC heap before
{Heap before GC invocations=38 (full 0):
 garbage-first heap   total 137216K, used 81429K [0x0000000080000000, 0x0000000100000000)
  region size 1024K, 6 young (6144K), 4 survivors (4096K)
 Metaspace       used 75051K, committed 75776K, reserved 487424K
  class space    used 10218K, committed 10560K, reserved 421888K
}
Event: 43.592 GC heap after
{Heap after GC invocations=39 (full 0):
 garbage-first heap   total 137216K, used 78833K [0x0000000080000000, 0x0000000100000000)
  region size 1024K, 1 young (1024K), 1 survivors (1024K)
 Metaspace       used 75051K, committed 75776K, reserved 487424K
  class space    used 10218K, committed 10560K, reserved 421888K
}
Event: 53.811 GC heap before
{Heap before GC invocations=39 (full 0):
 garbage-first heap   total 137216K, used 111601K [0x0000000080000000, 0x0000000100000000)
  region size 1024K, 33 young (33792K), 1 survivors (1024K)
 Metaspace       used 76100K, committed 76864K, reserved 495616K
  class space    used 10348K, committed 10688K, reserved 421888K
}
Event: 53.816 GC heap after
{Heap after GC invocations=40 (full 0):
 garbage-first heap   total 137216K, used 82145K [0x0000000080000000, 0x0000000100000000)
  region size 1024K, 4 young (4096K), 4 survivors (4096K)
 Metaspace       used 76100K, committed 76864K, reserved 495616K
  class space    used 10348K, committed 10688K, reserved 421888K
}
Event: 54.435 GC heap before
{Heap before GC invocations=41 (full 0):
 garbage-first heap   total 150528K, used 111841K [0x0000000080000000, 0x0000000100000000)
  region size 1024K, 33 young (33792K), 4 survivors (4096K)
 Metaspace       used 79798K, committed 80576K, reserved 495616K
  class space    used 11020K, committed 11392K, reserved 421888K
}
Event: 54.442 GC heap after
{Heap after GC invocations=42 (full 0):
 garbage-first heap   total 150528K, used 83687K [0x0000000080000000, 0x0000000100000000)
  region size 1024K, 2 young (2048K), 2 survivors (2048K)
 Metaspace       used 79798K, committed 80576K, reserved 495616K
  class space    used 11020K, committed 11392K, reserved 421888K
}
Event: 54.529 GC heap before
{Heap before GC invocations=42 (full 0):
 garbage-first heap   total 150528K, used 88807K [0x0000000080000000, 0x0000000100000000)
  region size 1024K, 7 young (7168K), 2 survivors (2048K)
 Metaspace       used 80436K, committed 81216K, reserved 495616K
  class space    used 11136K, committed 11520K, reserved 421888K
}
Event: 54.536 GC heap after
{Heap after GC invocations=43 (full 0):
 garbage-first heap   total 299008K, used 83593K [0x0000000080000000, 0x0000000100000000)
  region size 1024K, 1 young (1024K), 1 survivors (1024K)
 Metaspace       used 80436K, committed 81216K, reserved 495616K
  class space    used 11136K, committed 11520K, reserved 421888K
}

