# JRE version: OpenJDK Runtime Environment Temurin-17.0.6+10 (17.0.6+10) (build 17.0.6+10)
# Java VM: OpenJDK 64-Bit Server VM Temurin-17.0.6+10 (17.0.6+10, mixed mode, sharing, tiered, compressed oops, compressed class ptrs, g1 gc, windows-amd64)
GC Precious Log:
 CPUs: 4 total, 4 available
 Memory: 8089M
 Large Page Support: Disabled
 NUMA Support: Disabled
 Compressed Oops: Enabled (32-bit)
 Heap Region Size: 1M
 Heap Min Capacity: 8M
 Heap Initial Capacity: 128M
 Heap Max Capacity: 2G
 Pre-touch: Disabled
 Parallel Workers: 4
 Concurrent Workers: 1
 Concurrent Refinement Workers: 4
 Periodic GC: Disabled
Heap:
 garbage-first heap   total 354304K, used 275707K [0x0000000080000000, 0x0000000100000000)
  region size 1024K, 63 young (64512K), 11 survivors (11264K)
 Metaspace       used 106343K, committed 108160K, reserved 520192K
  class space    used 14739K, committed 15552K, reserved 421888K
GC Heap History (20 events):
Event: 48.108 GC heap before
{Heap before GC invocations=35 (full 0):
 garbage-first heap   total 271360K, used 198887K [0x0000000080000000, 0x0000000100000000)
  region size 1024K, 112 young (114688K), 1 survivors (1024K)
 Metaspace       used 77696K, committed 78528K, reserved 495616K
  class space    used 10622K, committed 11008K, reserved 421888K
}
Event: 48.125 GC heap after
{Heap after GC invocations=36 (full 0):
 garbage-first heap   total 271360K, used 92179K [0x0000000080000000, 0x0000000100000000)
  region size 1024K, 9 young (9216K), 9 survivors (9216K)
 Metaspace       used 77696K, committed 78528K, reserved 495616K
  class space    used 10622K, committed 11008K, reserved 421888K
}
Event: 55.002 GC heap before
{Heap before GC invocations=36 (full 0):
 garbage-first heap   total 271360K, used 210963K [0x0000000080000000, 0x0000000100000000)
  region size 1024K, 120 young (122880K), 9 survivors (9216K)
 Metaspace       used 86281K, committed 87232K, reserved 503808K
  class space    used 11998K, committed 12416K, reserved 421888K
}
Event: 55.026 GC heap after
{Heap after GC invocations=37 (full 0):
 garbage-first heap   total 271360K, used 111197K [0x0000000080000000, 0x0000000100000000)
  region size 1024K, 13 young (13312K), 13 survivors (13312K)
 Metaspace       used 86281K, committed 87232K, reserved 503808K
  class space    used 11998K, committed 12416K, reserved 421888K
}
Event: 56.962 GC heap before
{Heap before GC invocations=37 (full 0):
 garbage-first heap   total 271360K, used 208477K [0x0000000080000000, 0x0000000100000000)
  region size 1024K, 108 young (110592K), 13 survivors (13312K)
 Metaspace       used 88203K, committed 89216K, reserved 503808K
  class space    used 12265K, committed 12736K, reserved 421888K
}
Event: 56.996 GC heap after
{Heap after GC invocations=38 (full 0):
 garbage-first heap   total 271360K, used 130697K [0x0000000080000000, 0x0000000100000000)
  region size 1024K, 14 young (14336K), 14 survivors (14336K)
 Metaspace       used 88203K, committed 89216K, reserved 503808K
  class space    used 12265K, committed 12736K, reserved 421888K
}
Event: 59.384 GC heap before
{Heap before GC invocations=38 (full 0):
 garbage-first heap   total 271360K, used 207497K [0x0000000080000000, 0x0000000100000000)
  region size 1024K, 89 young (91136K), 14 survivors (14336K)
 Metaspace       used 93240K, committed 94336K, reserved 503808K
  class space    used 12913K, committed 13440K, reserved 421888K
}
Event: 59.414 GC heap after
{Heap after GC invocations=39 (full 0):
 garbage-first heap   total 271360K, used 139776K [0x0000000080000000, 0x0000000100000000)
  region size 1024K, 8 young (8192K), 8 survivors (8192K)
 Metaspace       used 93240K, committed 94336K, reserved 503808K
  class space    used 12913K, committed 13440K, reserved 421888K
}
Event: 61.073 GC heap before
{Heap before GC invocations=39 (full 0):
 garbage-first heap   total 271360K, used 212480K [0x0000000080000000, 0x0000000100000000)
  region size 1024K, 79 young (80896K), 8 survivors (8192K)
 Metaspace       used 96033K, committed 97344K, reserved 512000K
  class space    used 13338K, committed 13952K, reserved 421888K
}
Event: 61.099 GC heap after
{Heap after GC invocations=40 (full 0):
 garbage-first heap   total 271360K, used 152576K [0x0000000080000000, 0x0000000100000000)
  region size 1024K, 10 young (10240K), 10 survivors (10240K)
 Metaspace       used 96033K, committed 97344K, reserved 512000K
  class space    used 13338K, committed 13952K, reserved 421888K
}
Event: 62.063 GC heap before
{Heap before GC invocations=40 (full 0):
 garbage-first heap   total 271360K, used 222208K [0x0000000080000000, 0x0000000100000000)
  region size 1024K, 71 young (72704K), 10 survivors (10240K)
 Metaspace       used 97135K, committed 98560K, reserved 512000K
  class space    used 13496K, committed 14144K, reserved 421888K
}
Event: 62.089 GC heap after
{Heap after GC invocations=41 (full 0):
 garbage-first heap   total 271360K, used 176128K [0x0000000080000000, 0x0000000100000000)
  region size 1024K, 9 young (9216K), 9 survivors (9216K)
 Metaspace       used 97135K, committed 98560K, reserved 512000K
  class space    used 13496K, committed 14144K, reserved 421888K
}
Event: 62.893 GC heap before
{Heap before GC invocations=41 (full 0):
 garbage-first heap   total 271360K, used 218112K [0x0000000080000000, 0x0000000100000000)
  region size 1024K, 51 young (52224K), 9 survivors (9216K)
 Metaspace       used 99225K, committed 100736K, reserved 512000K
  class space    used 13775K, committed 14464K, reserved 421888K
}
Event: 62.916 GC heap after
{Heap after GC invocations=42 (full 0):
 garbage-first heap   total 271360K, used 183808K [0x0000000080000000, 0x0000000100000000)
  region size 1024K, 7 young (7168K), 7 survivors (7168K)
 Metaspace       used 99225K, committed 100736K, reserved 512000K
  class space    used 13775K, committed 14464K, reserved 421888K
}
Event: 63.552 GC heap before
{Heap before GC invocations=42 (full 0):
 garbage-first heap   total 271360K, used 224768K [0x0000000080000000, 0x0000000100000000)
  region size 1024K, 43 young (44032K), 7 survivors (7168K)
 Metaspace       used 101069K, committed 102656K, reserved 512000K
  class space    used 14021K, committed 14720K, reserved 421888K
}
Event: 63.568 GC heap after
{Heap after GC invocations=43 (full 0):
 garbage-first heap   total 271360K, used 198090K [0x0000000080000000, 0x0000000100000000)
  region size 1024K, 6 young (6144K), 6 survivors (6144K)
 Metaspace       used 101069K, committed 102656K, reserved 512000K
  class space    used 14021K, committed 14720K, reserved 421888K
}
Event: 63.925 GC heap before
{Heap before GC invocations=43 (full 0):
 garbage-first heap   total 271360K, used 223690K [0x0000000080000000, 0x0000000100000000)
  region size 1024K, 31 young (31744K), 6 survivors (6144K)
 Metaspace       used 101542K, committed 103104K, reserved 512000K
  class space    used 14081K, committed 14784K, reserved 421888K
}
Event: 63.938 GC heap after
{Heap after GC invocations=44 (full 0):
 garbage-first heap   total 354304K, used 204240K [0x0000000080000000, 0x0000000100000000)
  region size 1024K, 4 young (4096K), 4 survivors (4096K)
 Metaspace       used 101542K, committed 103104K, reserved 512000K
  class space    used 14081K, committed 14784K, reserved 421888K
}
Event: 65.231 GC heap before
{Heap before GC invocations=44 (full 0):
 garbage-first heap   total 354304K, used 291280K [0x0000000080000000, 0x0000000100000000)
  region size 1024K, 83 young (84992K), 4 survivors (4096K)
 Metaspace       used 105190K, committed 106944K, reserved 520192K
  class space    used 14589K, committed 15424K, reserved 421888K
}
Event: 65.245 GC heap after
{Heap after GC invocations=45 (full 0):
 garbage-first heap   total 354304K, used 223483K [0x0000000080000000, 0x0000000100000000)
  region size 1024K, 11 young (11264K), 11 survivors (11264K)
 Metaspace       used 105190K, committed 106944K, reserved 520192K
  class space    used 14589K, committed 15424K, reserved 421888K
}

