# JRE version: OpenJDK Runtime Environment Temurin-17.0.6+10 (17.0.6+10) (build 17.0.6+10)
# Java VM: OpenJDK 64-Bit Server VM Temurin-17.0.6+10 (17.0.6+10, mixed mode, sharing, tiered, compressed oops, compressed class ptrs, g1 gc, windows-amd64)
GC Precious Log:
 CPUs: 4 total, 4 available
 Memory: 8089M
 Large Page Support: Disabled
 NUMA Support: Disabled
 Compressed Oops: Enabled (32-bit)
 Heap Region Size: 1M
 Heap Min Capacity: 8M
 Heap Initial Capacity: 128M
 Heap Max Capacity: 2G
 Pre-touch: Disabled
 Parallel Workers: 4
 Concurrent Workers: 1
 Concurrent Refinement Workers: 4
 Periodic GC: Disabled
Heap:
 garbage-first heap   total 399360K, used 279552K [0x0000000080000000, 0x0000000100000000)
  region size 1024K, 6 young (6144K), 6 survivors (6144K)
 Metaspace       used 122006K, committed 123968K, reserved 528384K
  class space    used 16604K, committed 17536K, reserved 421888K
GC Heap History (20 events):
Event: 29.436 GC heap after
{Heap after GC invocations=27 (full 0):
 garbage-first heap   total 173056K, used 100352K [0x0000000080000000, 0x0000000100000000)
  region size 1024K, 1 young (1024K), 1 survivors (1024K)
 Metaspace       used 83960K, committed 84800K, reserved 495616K
  class space    used 11660K, committed 12096K, reserved 421888K
}
Event: 30.004 GC heap before
{Heap before GC invocations=27 (full 0):
 garbage-first heap   total 173056K, used 142336K [0x0000000080000000, 0x0000000100000000)
  region size 1024K, 42 young (43008K), 1 survivors (1024K)
 Metaspace       used 86121K, committed 86976K, reserved 503808K
  class space    used 11993K, committed 12416K, reserved 421888K
}
Event: 30.016 GC heap after
{Heap after GC invocations=28 (full 0):
 garbage-first heap   total 399360K, used 104880K [0x0000000080000000, 0x0000000100000000)
  region size 1024K, 6 young (6144K), 6 survivors (6144K)
 Metaspace       used 86121K, committed 86976K, reserved 503808K
  class space    used 11993K, committed 12416K, reserved 421888K
}
Event: 33.063 GC heap before
{Heap before GC invocations=29 (full 0):
 garbage-first heap   total 399360K, used 294320K [0x0000000080000000, 0x0000000100000000)
  region size 1024K, 191 young (195584K), 6 survivors (6144K)
 Metaspace       used 94381K, committed 95552K, reserved 512000K
  class space    used 13090K, committed 13632K, reserved 421888K
}
Event: 33.098 GC heap after
{Heap after GC invocations=30 (full 0):
 garbage-first heap   total 399360K, used 130591K [0x0000000080000000, 0x0000000100000000)
  region size 1024K, 24 young (24576K), 24 survivors (24576K)
 Metaspace       used 94381K, committed 95552K, reserved 512000K
  class space    used 13090K, committed 13632K, reserved 421888K
}
Event: 33.125 GC heap before
{Heap before GC invocations=30 (full 0):
 garbage-first heap   total 399360K, used 131615K [0x0000000080000000, 0x0000000100000000)
  region size 1024K, 25 young (25600K), 24 survivors (24576K)
 Metaspace       used 94431K, committed 95616K, reserved 512000K
  class space    used 13099K, committed 13632K, reserved 421888K
}
Event: 33.151 GC heap after
{Heap after GC invocations=31 (full 0):
 garbage-first heap   total 399360K, used 132359K [0x0000000080000000, 0x0000000100000000)
  region size 1024K, 2 young (2048K), 2 survivors (2048K)
 Metaspace       used 94431K, committed 95616K, reserved 512000K
  class space    used 13099K, committed 13632K, reserved 421888K
}
Event: 35.057 GC heap before
{Heap before GC invocations=31 (full 0):
 garbage-first heap   total 399360K, used 292103K [0x0000000080000000, 0x0000000100000000)
  region size 1024K, 146 young (149504K), 2 survivors (2048K)
 Metaspace       used 99003K, committed 100480K, reserved 512000K
  class space    used 13741K, committed 14400K, reserved 421888K
}
Event: 35.085 GC heap after
{Heap after GC invocations=32 (full 0):
 garbage-first heap   total 399360K, used 175616K [0x0000000080000000, 0x0000000100000000)
  region size 1024K, 19 young (19456K), 19 survivors (19456K)
 Metaspace       used 99003K, committed 100480K, reserved 512000K
  class space    used 13741K, committed 14400K, reserved 421888K
}
Event: 36.516 GC heap before
{Heap before GC invocations=32 (full 0):
 garbage-first heap   total 399360K, used 305664K [0x0000000080000000, 0x0000000100000000)
  region size 1024K, 139 young (142336K), 19 survivors (19456K)
 Metaspace       used 104810K, committed 106624K, reserved 520192K
  class space    used 14535K, committed 15360K, reserved 421888K
}
Event: 36.548 GC heap after
{Heap after GC invocations=33 (full 0):
 garbage-first heap   total 399360K, used 201728K [0x0000000080000000, 0x0000000100000000)
  region size 1024K, 18 young (18432K), 18 survivors (18432K)
 Metaspace       used 104810K, committed 106624K, reserved 520192K
  class space    used 14535K, committed 15360K, reserved 421888K
}
Event: 37.732 GC heap before
{Heap before GC invocations=33 (full 0):
 garbage-first heap   total 399360K, used 310272K [0x0000000080000000, 0x0000000100000000)
  region size 1024K, 124 young (126976K), 18 survivors (18432K)
 Metaspace       used 109983K, committed 111808K, reserved 520192K
  class space    used 15204K, committed 16064K, reserved 421888K
}
Event: 37.766 GC heap after
{Heap after GC invocations=34 (full 0):
 garbage-first heap   total 399360K, used 221696K [0x0000000080000000, 0x0000000100000000)
  region size 1024K, 16 young (16384K), 16 survivors (16384K)
 Metaspace       used 109983K, committed 111808K, reserved 520192K
  class space    used 15204K, committed 16064K, reserved 421888K
}
Event: 38.807 GC heap before
{Heap before GC invocations=34 (full 0):
 garbage-first heap   total 399360K, used 312832K [0x0000000080000000, 0x0000000100000000)
  region size 1024K, 106 young (108544K), 16 survivors (16384K)
 Metaspace       used 114124K, committed 116032K, reserved 528384K
  class space    used 15773K, committed 16640K, reserved 421888K
}
Event: 38.851 GC heap after
{Heap after GC invocations=35 (full 0):
 garbage-first heap   total 399360K, used 236544K [0x0000000080000000, 0x0000000100000000)
  region size 1024K, 14 young (14336K), 14 survivors (14336K)
 Metaspace       used 114124K, committed 116032K, reserved 528384K
  class space    used 15773K, committed 16640K, reserved 421888K
}
Event: 39.744 GC heap before
{Heap before GC invocations=35 (full 0):
 garbage-first heap   total 399360K, used 318464K [0x0000000080000000, 0x0000000100000000)
  region size 1024K, 94 young (96256K), 14 survivors (14336K)
 Metaspace       used 115809K, committed 117696K, reserved 528384K
  class space    used 15980K, committed 16896K, reserved 421888K
}
Event: 39.789 GC heap after
{Heap after GC invocations=36 (full 0):
 garbage-first heap   total 399360K, used 258048K [0x0000000080000000, 0x0000000100000000)
  region size 1024K, 12 young (12288K), 12 survivors (12288K)
 Metaspace       used 115809K, committed 117696K, reserved 528384K
  class space    used 15980K, committed 16896K, reserved 421888K
}
Event: 40.499 GC heap before
{Heap before GC invocations=36 (full 0):
 garbage-first heap   total 399360K, used 322560K [0x0000000080000000, 0x0000000100000000)
  region size 1024K, 76 young (77824K), 12 survivors (12288K)
 Metaspace       used 119455K, committed 121472K, reserved 528384K
  class space    used 16427K, committed 17344K, reserved 421888K
}
Event: 40.540 GC heap after
{Heap after GC invocations=37 (full 0):
 garbage-first heap   total 399360K, used 272384K [0x0000000080000000, 0x0000000100000000)
  region size 1024K, 10 young (10240K), 10 survivors (10240K)
 Metaspace       used 119455K, committed 121472K, reserved 528384K
  class space    used 16427K, committed 17344K, reserved 421888K
}
Event: 51.601 GC heap before
{Heap before GC invocations=37 (full 0):
 garbage-first heap   total 399360K, used 326656K [0x0000000080000000, 0x0000000100000000)
  region size 1024K, 64 young (65536K), 10 survivors (10240K)
 Metaspace       used 122006K, committed 123968K, reserved 528384K
  class space    used 16604K, committed 17536K, reserved 421888K
}

