# JRE version: OpenJDK Runtime Environment Temurin-17.0.6+10 (17.0.6+10) (build 17.0.6+10)
# Java VM: OpenJDK 64-Bit Server VM Temurin-17.0.6+10 (17.0.6+10, mixed mode, sharing, tiered, compressed oops, compressed class ptrs, g1 gc, windows-amd64)
GC Precious Log:
 CPUs: 4 total, 4 available
 Memory: 8089M
 Large Page Support: Disabled
 NUMA Support: Disabled
 Compressed Oops: Enabled (32-bit)
 Heap Region Size: 1M
 Heap Min Capacity: 8M
 Heap Initial Capacity: 128M
 Heap Max Capacity: 2G
 Pre-touch: Disabled
 Parallel Workers: 4
 Concurrent Workers: 1
 Concurrent Refinement Workers: 4
 Periodic GC: Disabled
Heap:
 garbage-first heap   total 451584K, used 338432K [0x0000000080000000, 0x0000000100000000)
  region size 1024K, 8 young (8192K), 8 survivors (8192K)
 Metaspace       used 126404K, committed 128384K, reserved 536576K
  class space    used 17151K, committed 18048K, reserved 421888K
GC Heap History (20 events):
Event: 32.105 GC heap after
{Heap after GC invocations=29 (full 0):
 garbage-first heap   total 451584K, used 128847K [0x0000000080000000, 0x0000000100000000)
  region size 1024K, 2 young (2048K), 2 survivors (2048K)
 Metaspace       used 89185K, committed 90304K, reserved 503808K
  class space    used 12411K, committed 12928K, reserved 421888K
}
Event: 34.851 GC heap before
{Heap before GC invocations=29 (full 0):
 garbage-first heap   total 451584K, used 310095K [0x0000000080000000, 0x0000000100000000)
  region size 1024K, 172 young (176128K), 2 survivors (2048K)
 Metaspace       used 96503K, committed 97856K, reserved 512000K
  class space    used 13393K, committed 14016K, reserved 421888K
}
Event: 34.880 GC heap after
{Heap after GC invocations=30 (full 0):
 garbage-first heap   total 451584K, used 162816K [0x0000000080000000, 0x0000000100000000)
  region size 1024K, 22 young (22528K), 22 survivors (22528K)
 Metaspace       used 96503K, committed 97856K, reserved 512000K
  class space    used 13393K, committed 14016K, reserved 421888K
}
Event: 36.915 GC heap before
{Heap before GC invocations=30 (full 0):
 garbage-first heap   total 451584K, used 337920K [0x0000000080000000, 0x0000000100000000)
  region size 1024K, 181 young (185344K), 22 survivors (22528K)
 Metaspace       used 103220K, committed 104960K, reserved 520192K
  class space    used 14316K, committed 15104K, reserved 421888K
}
Event: 36.957 GC heap after
{Heap after GC invocations=31 (full 0):
 garbage-first heap   total 451584K, used 201462K [0x0000000080000000, 0x0000000100000000)
  region size 1024K, 23 young (23552K), 23 survivors (23552K)
 Metaspace       used 103220K, committed 104960K, reserved 520192K
  class space    used 14316K, committed 15104K, reserved 421888K
}
Event: 38.528 GC heap before
{Heap before GC invocations=31 (full 0):
 garbage-first heap   total 451584K, used 334582K [0x0000000080000000, 0x0000000100000000)
  region size 1024K, 154 young (157696K), 23 survivors (23552K)
 Metaspace       used 110220K, committed 112000K, reserved 520192K
  class space    used 15227K, committed 16064K, reserved 421888K
}
Event: 38.572 GC heap after
{Heap after GC invocations=32 (full 0):
 garbage-first heap   total 451584K, used 226304K [0x0000000080000000, 0x0000000100000000)
  region size 1024K, 20 young (20480K), 20 survivors (20480K)
 Metaspace       used 110220K, committed 112000K, reserved 520192K
  class space    used 15227K, committed 16064K, reserved 421888K
}
Event: 40.218 GC heap before
{Heap before GC invocations=32 (full 0):
 garbage-first heap   total 451584K, used 342016K [0x0000000080000000, 0x0000000100000000)
  region size 1024K, 134 young (137216K), 20 survivors (20480K)
 Metaspace       used 114506K, committed 116288K, reserved 528384K
  class space    used 15810K, committed 16640K, reserved 421888K
}
Event: 40.272 GC heap after
{Heap after GC invocations=33 (full 0):
 garbage-first heap   total 451584K, used 247296K [0x0000000080000000, 0x0000000100000000)
  region size 1024K, 17 young (17408K), 17 survivors (17408K)
 Metaspace       used 114506K, committed 116288K, reserved 528384K
  class space    used 15810K, committed 16640K, reserved 421888K
}
Event: 41.800 GC heap before
{Heap before GC invocations=33 (full 0):
 garbage-first heap   total 451584K, used 348672K [0x0000000080000000, 0x0000000100000000)
  region size 1024K, 116 young (118784K), 17 survivors (17408K)
 Metaspace       used 117992K, committed 119936K, reserved 528384K
  class space    used 16220K, committed 17152K, reserved 421888K
}
Event: 41.863 GC heap after
{Heap after GC invocations=34 (full 0):
 garbage-first heap   total 451584K, used 272384K [0x0000000080000000, 0x0000000100000000)
  region size 1024K, 15 young (15360K), 15 survivors (15360K)
 Metaspace       used 117992K, committed 119936K, reserved 528384K
  class space    used 16220K, committed 17152K, reserved 421888K
}
Event: 60.889 GC heap before
{Heap before GC invocations=34 (full 0):
 garbage-first heap   total 451584K, used 355328K [0x0000000080000000, 0x0000000100000000)
  region size 1024K, 97 young (99328K), 15 survivors (15360K)
 Metaspace       used 122080K, committed 123968K, reserved 536576K
  class space    used 16589K, committed 17472K, reserved 421888K
}
Event: 60.928 GC heap after
{Heap after GC invocations=35 (full 0):
 garbage-first heap   total 451584K, used 285184K [0x0000000080000000, 0x0000000100000000)
  region size 1024K, 12 young (12288K), 12 survivors (12288K)
 Metaspace       used 122080K, committed 123968K, reserved 536576K
  class space    used 16589K, committed 17472K, reserved 421888K
}
Event: 62.197 GC heap before
{Heap before GC invocations=35 (full 0):
 garbage-first heap   total 451584K, used 363008K [0x0000000080000000, 0x0000000100000000)
  region size 1024K, 88 young (90112K), 12 survivors (12288K)
 Metaspace       used 122407K, committed 124416K, reserved 536576K
  class space    used 16607K, committed 17536K, reserved 421888K
}
Event: 62.228 GC heap after
{Heap after GC invocations=36 (full 0):
 garbage-first heap   total 451584K, used 302080K [0x0000000080000000, 0x0000000100000000)
  region size 1024K, 11 young (11264K), 11 survivors (11264K)
 Metaspace       used 122407K, committed 124416K, reserved 536576K
  class space    used 16607K, committed 17536K, reserved 421888K
}
Event: 63.096 GC heap before
{Heap before GC invocations=36 (full 0):
 garbage-first heap   total 451584K, used 368640K [0x0000000080000000, 0x0000000100000000)
  region size 1024K, 76 young (77824K), 11 survivors (11264K)
 Metaspace       used 122542K, committed 124544K, reserved 536576K
  class space    used 16612K, committed 17536K, reserved 421888K
}
Event: 63.140 GC heap after
{Heap after GC invocations=37 (full 0):
 garbage-first heap   total 451584K, used 317440K [0x0000000080000000, 0x0000000100000000)
  region size 1024K, 10 young (10240K), 10 survivors (10240K)
 Metaspace       used 122542K, committed 124544K, reserved 536576K
  class space    used 16612K, committed 17536K, reserved 421888K
}
Event: 63.761 GC heap before
{Heap before GC invocations=37 (full 0):
 garbage-first heap   total 451584K, used 373760K [0x0000000080000000, 0x0000000100000000)
  region size 1024K, 65 young (66560K), 10 survivors (10240K)
 Metaspace       used 122664K, committed 124608K, reserved 536576K
  class space    used 16624K, committed 17536K, reserved 421888K
}
Event: 63.799 GC heap after
{Heap after GC invocations=38 (full 0):
 garbage-first heap   total 451584K, used 328704K [0x0000000080000000, 0x0000000100000000)
  region size 1024K, 9 young (9216K), 9 survivors (9216K)
 Metaspace       used 122664K, committed 124608K, reserved 536576K
  class space    used 16624K, committed 17536K, reserved 421888K
}
Event: 64.437 GC heap before
{Heap before GC invocations=38 (full 0):
 garbage-first heap   total 451584K, used 376832K [0x0000000080000000, 0x0000000100000000)
  region size 1024K, 57 young (58368K), 9 survivors (9216K)
 Metaspace       used 126404K, committed 128384K, reserved 536576K
  class space    used 17151K, committed 18048K, reserved 421888K
}

