# JRE version: OpenJDK Runtime Environment Temurin-17.0.6+10 (17.0.6+10) (build 17.0.6+10)
# Java VM: OpenJDK 64-Bit Server VM Temurin-17.0.6+10 (17.0.6+10, mixed mode, sharing, tiered, compressed oops, compressed class ptrs, g1 gc, windows-amd64)
GC Precious Log:
 CPUs: 4 total, 4 available
 Memory: 8089M
 Large Page Support: Disabled
 NUMA Support: Disabled
 Compressed Oops: Enabled (32-bit)
 Heap Region Size: 1M
 Heap Min Capacity: 8M
 Heap Initial Capacity: 128M
 Heap Max Capacity: 2G
 Pre-touch: Disabled
 Parallel Workers: 4
 Concurrent Workers: 1
 Concurrent Refinement Workers: 4
 Periodic GC: Disabled
Heap:
 garbage-first heap   total 504832K, used 397682K [0x0000000080000000, 0x0000000100000000)
  region size 1024K, 46 young (47104K), 10 survivors (10240K)
 Metaspace       used 121845K, committed 123776K, reserved 536576K
  class space    used 16242K, committed 17152K, reserved 421888K
GC Heap History (20 events):
Event: 200.881 GC heap before
{Heap before GC invocations=73 (full 0):
 garbage-first heap   total 415744K, used 339968K [0x0000000080000000, 0x0000000100000000)
  region size 1024K, 65 young (66560K), 10 survivors (10240K)
 Metaspace       used 116723K, committed 118400K, reserved 528384K
  class space    used 15657K, committed 16448K, reserved 421888K
}
Event: 200.912 GC heap after
{Heap after GC invocations=74 (full 0):
 garbage-first heap   total 415744K, used 293888K [0x0000000080000000, 0x0000000100000000)
  region size 1024K, 9 young (9216K), 9 survivors (9216K)
 Metaspace       used 116723K, committed 118400K, reserved 528384K
  class space    used 15657K, committed 16448K, reserved 421888K
}
Event: 201.968 GC heap before
{Heap before GC invocations=74 (full 0):
 garbage-first heap   total 415744K, used 344064K [0x0000000080000000, 0x0000000100000000)
  region size 1024K, 59 young (60416K), 9 survivors (9216K)
 Metaspace       used 117186K, committed 118912K, reserved 528384K
  class space    used 15690K, committed 16512K, reserved 421888K
}
Event: 201.998 GC heap after
{Heap after GC invocations=75 (full 0):
 garbage-first heap   total 504832K, used 298949K [0x0000000080000000, 0x0000000100000000)
  region size 1024K, 5 young (5120K), 5 survivors (5120K)
 Metaspace       used 117186K, committed 118912K, reserved 528384K
  class space    used 15690K, committed 16512K, reserved 421888K
}
Event: 207.936 GC heap before
{Heap before GC invocations=75 (full 0):
 garbage-first heap   total 504832K, used 401349K [0x0000000080000000, 0x0000000100000000)
  region size 1024K, 106 young (108544K), 5 survivors (5120K)
 Metaspace       used 117256K, committed 118976K, reserved 528384K
  class space    used 15703K, committed 16512K, reserved 421888K
}
Event: 207.958 GC heap after
{Heap after GC invocations=76 (full 0):
 garbage-first heap   total 504832K, used 310728K [0x0000000080000000, 0x0000000100000000)
  region size 1024K, 14 young (14336K), 14 survivors (14336K)
 Metaspace       used 117256K, committed 118976K, reserved 528384K
  class space    used 15703K, committed 16512K, reserved 421888K
}
Event: 210.117 GC heap before
{Heap before GC invocations=76 (full 0):
 garbage-first heap   total 504832K, used 408008K [0x0000000080000000, 0x0000000100000000)
  region size 1024K, 110 young (112640K), 14 survivors (14336K)
 Metaspace       used 117426K, committed 119104K, reserved 528384K
  class space    used 15718K, committed 16512K, reserved 421888K
}
Event: 210.143 GC heap after
{Heap after GC invocations=77 (full 0):
 garbage-first heap   total 504832K, used 321280K [0x0000000080000000, 0x0000000100000000)
  region size 1024K, 12 young (12288K), 12 survivors (12288K)
 Metaspace       used 117426K, committed 119104K, reserved 528384K
  class space    used 15718K, committed 16512K, reserved 421888K
}
Event: 211.175 GC heap before
{Heap before GC invocations=77 (full 0):
 garbage-first heap   total 504832K, used 421632K [0x0000000080000000, 0x0000000100000000)
  region size 1024K, 103 young (105472K), 12 survivors (12288K)
 Metaspace       used 117721K, committed 119424K, reserved 528384K
  class space    used 15747K, committed 16576K, reserved 421888K
}
Event: 211.191 GC heap after
{Heap after GC invocations=78 (full 0):
 garbage-first heap   total 504832K, used 327661K [0x0000000080000000, 0x0000000100000000)
  region size 1024K, 9 young (9216K), 9 survivors (9216K)
 Metaspace       used 117721K, committed 119424K, reserved 528384K
  class space    used 15747K, committed 16576K, reserved 421888K
}
Event: 212.438 GC heap before
{Heap before GC invocations=78 (full 0):
 garbage-first heap   total 504832K, used 434157K [0x0000000080000000, 0x0000000100000000)
  region size 1024K, 98 young (100352K), 9 survivors (9216K)
 Metaspace       used 117897K, committed 119680K, reserved 528384K
  class space    used 15772K, committed 16576K, reserved 421888K
}
Event: 212.458 GC heap after
{Heap after GC invocations=79 (full 0):
 garbage-first heap   total 504832K, used 333824K [0x0000000080000000, 0x0000000100000000)
  region size 1024K, 9 young (9216K), 9 survivors (9216K)
 Metaspace       used 117897K, committed 119680K, reserved 528384K
  class space    used 15772K, committed 16576K, reserved 421888K
}
Event: 213.740 GC heap before
{Heap before GC invocations=79 (full 0):
 garbage-first heap   total 504832K, used 421888K [0x0000000080000000, 0x0000000100000000)
  region size 1024K, 96 young (98304K), 9 survivors (9216K)
 Metaspace       used 120098K, committed 121920K, reserved 528384K
  class space    used 16051K, committed 16896K, reserved 421888K
}
Event: 213.763 GC heap after
{Heap after GC invocations=80 (full 0):
 garbage-first heap   total 504832K, used 345684K [0x0000000080000000, 0x0000000100000000)
  region size 1024K, 12 young (12288K), 12 survivors (12288K)
 Metaspace       used 120098K, committed 121920K, reserved 528384K
  class space    used 16051K, committed 16896K, reserved 421888K
}
Event: 214.731 GC heap before
{Heap before GC invocations=80 (full 0):
 garbage-first heap   total 504832K, used 430676K [0x0000000080000000, 0x0000000100000000)
  region size 1024K, 88 young (90112K), 12 survivors (12288K)
 Metaspace       used 120451K, committed 122304K, reserved 528384K
  class space    used 16083K, committed 16960K, reserved 421888K
}
Event: 214.757 GC heap after
{Heap after GC invocations=81 (full 0):
 garbage-first heap   total 504832K, used 353661K [0x0000000080000000, 0x0000000100000000)
  region size 1024K, 8 young (8192K), 8 survivors (8192K)
 Metaspace       used 120451K, committed 122304K, reserved 528384K
  class space    used 16083K, committed 16960K, reserved 421888K
}
Event: 215.439 GC heap before
{Heap before GC invocations=81 (full 0):
 garbage-first heap   total 504832K, used 430461K [0x0000000080000000, 0x0000000100000000)
  region size 1024K, 80 young (81920K), 8 survivors (8192K)
 Metaspace       used 120599K, committed 122496K, reserved 528384K
  class space    used 16096K, committed 16960K, reserved 421888K
}
Event: 215.456 GC heap after
{Heap after GC invocations=82 (full 0):
 garbage-first heap   total 504832K, used 358298K [0x0000000080000000, 0x0000000100000000)
  region size 1024K, 6 young (6144K), 6 survivors (6144K)
 Metaspace       used 120599K, committed 122496K, reserved 528384K
  class space    used 16096K, committed 16960K, reserved 421888K
}
Event: 340.162 GC heap before
{Heap before GC invocations=82 (full 0):
 garbage-first heap   total 504832K, used 433050K [0x0000000080000000, 0x0000000100000000)
  region size 1024K, 76 young (77824K), 6 survivors (6144K)
 Metaspace       used 121722K, committed 123648K, reserved 536576K
  class space    used 16240K, committed 17152K, reserved 421888K
}
Event: 340.183 GC heap after
{Heap after GC invocations=83 (full 0):
 garbage-first heap   total 504832K, used 362866K [0x0000000080000000, 0x0000000100000000)
  region size 1024K, 10 young (10240K), 10 survivors (10240K)
 Metaspace       used 121722K, committed 123648K, reserved 536576K
  class space    used 16240K, committed 17152K, reserved 421888K
}

