# JRE version: OpenJDK Runtime Environment Temurin-17.0.6+10 (17.0.6+10) (build 17.0.6+10)
# Java VM: OpenJDK 64-Bit Server VM Temurin-17.0.6+10 (17.0.6+10, mixed mode, sharing, tiered, compressed oops, compressed class ptrs, g1 gc, windows-amd64)
GC Precious Log:
 CPUs: 4 total, 4 available
 Memory: 8089M
 Large Page Support: Disabled
 NUMA Support: Disabled
 Compressed Oops: Enabled (32-bit)
 Heap Region Size: 1M
 Heap Min Capacity: 8M
 Heap Initial Capacity: 128M
 Heap Max Capacity: 2G
 Pre-touch: Disabled
 Parallel Workers: 4
 Concurrent Workers: 1
 Concurrent Refinement Workers: 4
 Periodic GC: Disabled
Heap:
 garbage-first heap   total 257024K, used 155702K [0x0000000080000000, 0x0000000100000000)
  region size 1024K, 19 young (19456K), 5 survivors (5120K)
 Metaspace       used 89135K, committed 90240K, reserved 503808K
  class space    used 12328K, committed 12864K, reserved 421888K
GC Heap History (20 events):
Event: 84.534 GC heap before
{Heap before GC invocations=38 (full 0):
 garbage-first heap   total 148480K, used 87327K [0x0000000080000000, 0x0000000100000000)
  region size 1024K, 7 young (7168K), 3 survivors (3072K)
 Metaspace       used 74568K, committed 75328K, reserved 487424K
  class space    used 10141K, committed 10496K, reserved 421888K
}
Event: 84.541 GC heap after
{Heap after GC invocations=39 (full 0):
 garbage-first heap   total 148480K, used 82448K [0x0000000080000000, 0x0000000100000000)
  region size 1024K, 1 young (1024K), 1 survivors (1024K)
 Metaspace       used 74568K, committed 75328K, reserved 487424K
  class space    used 10141K, committed 10496K, reserved 421888K
}
Event: 85.622 GC heap before
{Heap before GC invocations=39 (full 0):
 garbage-first heap   total 148480K, used 117264K [0x0000000080000000, 0x0000000100000000)
  region size 1024K, 35 young (35840K), 1 survivors (1024K)
 Metaspace       used 79005K, committed 79744K, reserved 495616K
  class space    used 10910K, committed 11264K, reserved 421888K
}
Event: 85.626 GC heap after
{Heap after GC invocations=40 (full 0):
 garbage-first heap   total 178176K, used 84009K [0x0000000080000000, 0x0000000100000000)
  region size 1024K, 3 young (3072K), 3 survivors (3072K)
 Metaspace       used 79005K, committed 79744K, reserved 495616K
  class space    used 10910K, committed 11264K, reserved 421888K
}
Event: 86.922 GC heap before
{Heap before GC invocations=40 (full 0):
 garbage-first heap   total 178176K, used 135209K [0x0000000080000000, 0x0000000100000000)
  region size 1024K, 54 young (55296K), 3 survivors (3072K)
 Metaspace       used 82634K, committed 83520K, reserved 495616K
  class space    used 11482K, committed 11904K, reserved 421888K
}
Event: 86.934 GC heap after
{Heap after GC invocations=41 (full 0):
 garbage-first heap   total 178176K, used 91071K [0x0000000080000000, 0x0000000100000000)
  region size 1024K, 7 young (7168K), 7 survivors (7168K)
 Metaspace       used 82634K, committed 83520K, reserved 495616K
  class space    used 11482K, committed 11904K, reserved 421888K
}
Event: 88.049 GC heap before
{Heap before GC invocations=41 (full 0):
 garbage-first heap   total 178176K, used 138175K [0x0000000080000000, 0x0000000100000000)
  region size 1024K, 54 young (55296K), 7 survivors (7168K)
 Metaspace       used 83828K, committed 84736K, reserved 495616K
  class space    used 11626K, committed 12032K, reserved 421888K
}
Event: 88.068 GC heap after
{Heap after GC invocations=42 (full 0):
 garbage-first heap   total 178176K, used 99890K [0x0000000080000000, 0x0000000100000000)
  region size 1024K, 7 young (7168K), 7 survivors (7168K)
 Metaspace       used 83828K, committed 84736K, reserved 495616K
  class space    used 11626K, committed 12032K, reserved 421888K
}
Event: 88.330 GC heap before
{Heap before GC invocations=42 (full 0):
 garbage-first heap   total 178176K, used 120370K [0x0000000080000000, 0x0000000100000000)
  region size 1024K, 23 young (23552K), 7 survivors (7168K)
 Metaspace       used 83889K, committed 84800K, reserved 495616K
  class space    used 11628K, committed 12032K, reserved 421888K
}
Event: 88.341 GC heap after
{Heap after GC invocations=43 (full 0):
 garbage-first heap   total 178176K, used 112640K [0x0000000080000000, 0x0000000100000000)
  region size 1024K, 6 young (6144K), 6 survivors (6144K)
 Metaspace       used 83889K, committed 84800K, reserved 495616K
  class space    used 11628K, committed 12032K, reserved 421888K
}
Event: 89.034 GC heap before
{Heap before GC invocations=44 (full 0):
 garbage-first heap   total 208896K, used 143360K [0x0000000080000000, 0x0000000100000000)
  region size 1024K, 34 young (34816K), 6 survivors (6144K)
 Metaspace       used 85536K, committed 86528K, reserved 503808K
  class space    used 11863K, committed 12352K, reserved 421888K
}
Event: 89.051 GC heap after
{Heap after GC invocations=45 (full 0):
 garbage-first heap   total 208896K, used 119928K [0x0000000080000000, 0x0000000100000000)
  region size 1024K, 5 young (5120K), 5 survivors (5120K)
 Metaspace       used 85536K, committed 86528K, reserved 503808K
  class space    used 11863K, committed 12352K, reserved 421888K
}
Event: 89.257 GC heap before
{Heap before GC invocations=45 (full 0):
 garbage-first heap   total 208896K, used 125048K [0x0000000080000000, 0x0000000100000000)
  region size 1024K, 10 young (10240K), 5 survivors (5120K)
 Metaspace       used 85790K, committed 86784K, reserved 503808K
  class space    used 11889K, committed 12352K, reserved 421888K
}
Event: 89.269 GC heap after
{Heap after GC invocations=46 (full 0):
 garbage-first heap   total 208896K, used 119784K [0x0000000080000000, 0x0000000100000000)
  region size 1024K, 2 young (2048K), 2 survivors (2048K)
 Metaspace       used 85790K, committed 86784K, reserved 503808K
  class space    used 11889K, committed 12352K, reserved 421888K
}
Event: 90.366 GC heap before
{Heap before GC invocations=46 (full 0):
 garbage-first heap   total 208896K, used 164840K [0x0000000080000000, 0x0000000100000000)
  region size 1024K, 41 young (41984K), 2 survivors (2048K)
 Metaspace       used 86634K, committed 87680K, reserved 503808K
  class space    used 11998K, committed 12480K, reserved 421888K
}
Event: 90.384 GC heap after
{Heap after GC invocations=47 (full 0):
 garbage-first heap   total 208896K, used 135411K [0x0000000080000000, 0x0000000100000000)
  region size 1024K, 6 young (6144K), 6 survivors (6144K)
 Metaspace       used 86634K, committed 87680K, reserved 503808K
  class space    used 11998K, committed 12480K, reserved 421888K
}
Event: 91.182 GC heap before
{Heap before GC invocations=47 (full 0):
 garbage-first heap   total 208896K, used 166131K [0x0000000080000000, 0x0000000100000000)
  region size 1024K, 36 young (36864K), 6 survivors (6144K)
 Metaspace       used 88897K, committed 89920K, reserved 503808K
  class space    used 12286K, committed 12800K, reserved 421888K
}
Event: 91.198 GC heap after
{Heap after GC invocations=48 (full 0):
 garbage-first heap   total 257024K, used 139212K [0x0000000080000000, 0x0000000100000000)
  region size 1024K, 4 young (4096K), 4 survivors (4096K)
 Metaspace       used 88897K, committed 89920K, reserved 503808K
  class space    used 12286K, committed 12800K, reserved 421888K
}
Event: 91.322 GC heap before
{Heap before GC invocations=48 (full 0):
 garbage-first heap   total 257024K, used 147404K [0x0000000080000000, 0x0000000100000000)
  region size 1024K, 14 young (14336K), 4 survivors (4096K)
 Metaspace       used 88955K, committed 89984K, reserved 503808K
  class space    used 12292K, committed 12800K, reserved 421888K
}
Event: 91.332 GC heap after
{Heap after GC invocations=49 (full 0):
 garbage-first heap   total 257024K, used 140342K [0x0000000080000000, 0x0000000100000000)
  region size 1024K, 5 young (5120K), 5 survivors (5120K)
 Metaspace       used 88955K, committed 89984K, reserved 503808K
  class space    used 12292K, committed 12800K, reserved 421888K
}

