# JRE version: OpenJDK Runtime Environment Temurin-17.0.6+10 (17.0.6+10) (build 17.0.6+10)
# Java VM: OpenJDK 64-Bit Server VM Temurin-17.0.6+10 (17.0.6+10, mixed mode, sharing, tiered, compressed oops, compressed class ptrs, g1 gc, windows-amd64)
GC Precious Log:
 CPUs: 4 total, 4 available
 Memory: 8089M
 Large Page Support: Disabled
 NUMA Support: Disabled
 Compressed Oops: Enabled (32-bit)
 Heap Region Size: 1M
 Heap Min Capacity: 8M
 Heap Initial Capacity: 128M
 Heap Max Capacity: 2G
 Pre-touch: Disabled
 Parallel Workers: 4
 Concurrent Workers: 1
 Concurrent Refinement Workers: 4
 Periodic GC: Disabled
Heap:
 garbage-first heap   total 107520K, used 53718K [0x0000000080000000, 0x0000000100000000)
  region size 1024K, 4 young (4096K), 4 survivors (4096K)
 Metaspace       used 57921K, committed 58560K, reserved 479232K
  class space    used 8077K, committed 8384K, reserved 421888K
GC Heap History (20 events):
Event: 3.324 GC heap after
{Heap after GC invocations=5 (full 0):
 garbage-first heap   total 131072K, used 22875K [0x0000000080000000, 0x0000000100000000)
  region size 1024K, 3 young (3072K), 3 survivors (3072K)
 Metaspace       used 21145K, committed 21504K, reserved 446464K
  class space    used 3134K, committed 3328K, reserved 421888K
}
Event: 4.150 GC heap before
{Heap before GC invocations=6 (full 0):
 garbage-first heap   total 89088K, used 72027K [0x0000000080000000, 0x0000000100000000)
  region size 1024K, 52 young (53248K), 3 survivors (3072K)
 Metaspace       used 28776K, committed 29184K, reserved 454656K
  class space    used 4034K, committed 4224K, reserved 421888K
}
Event: 4.159 GC heap after
{Heap after GC invocations=7 (full 0):
 garbage-first heap   total 89088K, used 27435K [0x0000000080000000, 0x0000000100000000)
  region size 1024K, 7 young (7168K), 7 survivors (7168K)
 Metaspace       used 28776K, committed 29184K, reserved 454656K
  class space    used 4034K, committed 4224K, reserved 421888K
}
Event: 4.185 GC heap before
{Heap before GC invocations=7 (full 0):
 garbage-first heap   total 89088K, used 28459K [0x0000000080000000, 0x0000000100000000)
  region size 1024K, 8 young (8192K), 7 survivors (7168K)
 Metaspace       used 29030K, committed 29376K, reserved 454656K
  class space    used 4070K, committed 4224K, reserved 421888K
}
Event: 4.194 GC heap after
{Heap after GC invocations=8 (full 0):
 garbage-first heap   total 107520K, used 27792K [0x0000000080000000, 0x0000000100000000)
  region size 1024K, 1 young (1024K), 1 survivors (1024K)
 Metaspace       used 29030K, committed 29376K, reserved 454656K
  class space    used 4070K, committed 4224K, reserved 421888K
}
Event: 11.635 GC heap before
{Heap before GC invocations=8 (full 0):
 garbage-first heap   total 107520K, used 81040K [0x0000000080000000, 0x0000000100000000)
  region size 1024K, 51 young (52224K), 1 survivors (1024K)
 Metaspace       used 33133K, committed 33600K, reserved 454656K
  class space    used 4573K, committed 4736K, reserved 421888K
}
Event: 11.641 GC heap after
{Heap after GC invocations=9 (full 0):
 garbage-first heap   total 107520K, used 31196K [0x0000000080000000, 0x0000000100000000)
  region size 1024K, 5 young (5120K), 5 survivors (5120K)
 Metaspace       used 33133K, committed 33600K, reserved 454656K
  class space    used 4573K, committed 4736K, reserved 421888K
}
Event: 11.984 GC heap before
{Heap before GC invocations=9 (full 0):
 garbage-first heap   total 107520K, used 56796K [0x0000000080000000, 0x0000000100000000)
  region size 1024K, 31 young (31744K), 5 survivors (5120K)
 Metaspace       used 35589K, committed 36096K, reserved 454656K
  class space    used 4859K, committed 5120K, reserved 421888K
}
Event: 11.992 GC heap after
{Heap after GC invocations=10 (full 0):
 garbage-first heap   total 107520K, used 32518K [0x0000000080000000, 0x0000000100000000)
  region size 1024K, 2 young (2048K), 2 survivors (2048K)
 Metaspace       used 35589K, committed 36096K, reserved 454656K
  class space    used 4859K, committed 5120K, reserved 421888K
}
Event: 12.917 GC heap before
{Heap before GC invocations=11 (full 0):
 garbage-first heap   total 107520K, used 82694K [0x0000000080000000, 0x0000000100000000)
  region size 1024K, 51 young (52224K), 2 survivors (2048K)
 Metaspace       used 41575K, committed 42176K, reserved 462848K
  class space    used 5792K, committed 6080K, reserved 421888K
}
Event: 12.922 GC heap after
{Heap after GC invocations=12 (full 0):
 garbage-first heap   total 107520K, used 35075K [0x0000000080000000, 0x0000000100000000)
  region size 1024K, 4 young (4096K), 4 survivors (4096K)
 Metaspace       used 41575K, committed 42176K, reserved 462848K
  class space    used 5792K, committed 6080K, reserved 421888K
}
Event: 12.949 GC heap before
{Heap before GC invocations=12 (full 0):
 garbage-first heap   total 107520K, used 36099K [0x0000000080000000, 0x0000000100000000)
  region size 1024K, 5 young (5120K), 4 survivors (4096K)
 Metaspace       used 41689K, committed 42240K, reserved 462848K
  class space    used 5811K, committed 6080K, reserved 421888K
}
Event: 12.954 GC heap after
{Heap after GC invocations=13 (full 0):
 garbage-first heap   total 107520K, used 35277K [0x0000000080000000, 0x0000000100000000)
  region size 1024K, 1 young (1024K), 1 survivors (1024K)
 Metaspace       used 41689K, committed 42240K, reserved 462848K
  class space    used 5811K, committed 6080K, reserved 421888K
}
Event: 14.542 GC heap before
{Heap before GC invocations=13 (full 0):
 garbage-first heap   total 107520K, used 90573K [0x0000000080000000, 0x0000000100000000)
  region size 1024K, 49 young (50176K), 1 survivors (1024K)
 Metaspace       used 47219K, committed 47744K, reserved 471040K
  class space    used 6594K, committed 6848K, reserved 421888K
}
Event: 14.549 GC heap after
{Heap after GC invocations=14 (full 0):
 garbage-first heap   total 107520K, used 45798K [0x0000000080000000, 0x0000000100000000)
  region size 1024K, 5 young (5120K), 5 survivors (5120K)
 Metaspace       used 47219K, committed 47744K, reserved 471040K
  class space    used 6594K, committed 6848K, reserved 421888K
}
Event: 15.176 GC heap before
{Heap before GC invocations=14 (full 0):
 garbage-first heap   total 107520K, used 84710K [0x0000000080000000, 0x0000000100000000)
  region size 1024K, 43 young (44032K), 5 survivors (5120K)
 Metaspace       used 51640K, committed 52224K, reserved 471040K
  class space    used 7226K, committed 7488K, reserved 421888K
}
Event: 15.182 GC heap after
{Heap after GC invocations=15 (full 0):
 garbage-first heap   total 107520K, used 48081K [0x0000000080000000, 0x0000000100000000)
  region size 1024K, 3 young (3072K), 3 survivors (3072K)
 Metaspace       used 51640K, committed 52224K, reserved 471040K
  class space    used 7226K, committed 7488K, reserved 421888K
}
Event: 15.694 GC heap before
{Heap before GC invocations=15 (full 0):
 garbage-first heap   total 107520K, used 84945K [0x0000000080000000, 0x0000000100000000)
  region size 1024K, 40 young (40960K), 3 survivors (3072K)
 Metaspace       used 55436K, committed 56064K, reserved 471040K
  class space    used 7692K, committed 7936K, reserved 421888K
}
Event: 15.701 GC heap after
{Heap after GC invocations=16 (full 0):
 garbage-first heap   total 107520K, used 50595K [0x0000000080000000, 0x0000000100000000)
  region size 1024K, 5 young (5120K), 5 survivors (5120K)
 Metaspace       used 55436K, committed 56064K, reserved 471040K
  class space    used 7692K, committed 7936K, reserved 421888K
}
Event: 16.424 GC heap before
{Heap before GC invocations=16 (full 0):
 garbage-first heap   total 107520K, used 86435K [0x0000000080000000, 0x0000000100000000)
  region size 1024K, 40 young (40960K), 5 survivors (5120K)
 Metaspace       used 57921K, committed 58560K, reserved 479232K
  class space    used 8077K, committed 8384K, reserved 421888K
}

