# JRE version: OpenJDK Runtime Environment Temurin-17.0.6+10 (17.0.6+10) (build 17.0.6+10)
# Java VM: OpenJDK 64-Bit Server VM Temurin-17.0.6+10 (17.0.6+10, mixed mode, sharing, tiered, compressed oops, compressed class ptrs, g1 gc, windows-amd64)
GC Precious Log:
 CPUs: 4 total, 4 available
 Memory: 8089M
 Large Page Support: Disabled
 NUMA Support: Disabled
 Compressed Oops: Enabled (32-bit)
 Heap Region Size: 1M
 Heap Min Capacity: 8M
 Heap Initial Capacity: 128M
 Heap Max Capacity: 2G
 Pre-touch: Disabled
 Parallel Workers: 4
 Concurrent Workers: 1
 Concurrent Refinement Workers: 4
 Periodic GC: Disabled
Heap:
 garbage-first heap   total 148480K, used 96174K [0x0000000080000000, 0x0000000100000000)
  region size 1024K, 5 young (5120K), 5 survivors (5120K)
 Metaspace       used 83406K, committed 84288K, reserved 495616K
  class space    used 11612K, committed 12032K, reserved 421888K
GC Heap History (20 events):
Event: 37.825 GC heap after
{Heap after GC invocations=32 (full 0):
 garbage-first heap   total 128000K, used 78880K [0x0000000080000000, 0x0000000100000000)
  region size 1024K, 5 young (5120K), 5 survivors (5120K)
 Metaspace       used 69183K, committed 69888K, reserved 487424K
  class space    used 9429K, committed 9728K, reserved 421888K
}
Event: 37.828 GC heap before
{Heap before GC invocations=32 (full 0):
 garbage-first heap   total 128000K, used 79904K [0x0000000080000000, 0x0000000100000000)
  region size 1024K, 6 young (6144K), 5 survivors (5120K)
 Metaspace       used 69183K, committed 69888K, reserved 487424K
  class space    used 9429K, committed 9728K, reserved 421888K
}
Event: 37.834 GC heap after
{Heap after GC invocations=33 (full 0):
 garbage-first heap   total 128000K, used 79707K [0x0000000080000000, 0x0000000100000000)
  region size 1024K, 1 young (1024K), 1 survivors (1024K)
 Metaspace       used 69183K, committed 69888K, reserved 487424K
  class space    used 9429K, committed 9728K, reserved 421888K
}
Event: 39.446 GC heap before
{Heap before GC invocations=33 (full 0):
 garbage-first heap   total 128000K, used 103259K [0x0000000080000000, 0x0000000100000000)
  region size 1024K, 24 young (24576K), 1 survivors (1024K)
 Metaspace       used 71410K, committed 72128K, reserved 487424K
  class space    used 9716K, committed 10048K, reserved 421888K
}
Event: 39.451 GC heap after
{Heap after GC invocations=34 (full 0):
 garbage-first heap   total 128000K, used 81480K [0x0000000080000000, 0x0000000100000000)
  region size 1024K, 3 young (3072K), 3 survivors (3072K)
 Metaspace       used 71410K, committed 72128K, reserved 487424K
  class space    used 9716K, committed 10048K, reserved 421888K
}
Event: 40.795 GC heap before
{Heap before GC invocations=35 (full 0):
 garbage-first heap   total 133120K, used 99912K [0x0000000080000000, 0x0000000100000000)
  region size 1024K, 25 young (25600K), 3 survivors (3072K)
 Metaspace       used 73575K, committed 74304K, reserved 487424K
  class space    used 9990K, committed 10368K, reserved 421888K
}
Event: 40.799 GC heap after
{Heap after GC invocations=36 (full 0):
 garbage-first heap   total 133120K, used 78654K [0x0000000080000000, 0x0000000100000000)
  region size 1024K, 4 young (4096K), 4 survivors (4096K)
 Metaspace       used 73575K, committed 74304K, reserved 487424K
  class space    used 9990K, committed 10368K, reserved 421888K
}
Event: 40.948 GC heap before
{Heap before GC invocations=36 (full 0):
 garbage-first heap   total 133120K, used 80702K [0x0000000080000000, 0x0000000100000000)
  region size 1024K, 6 young (6144K), 4 survivors (4096K)
 Metaspace       used 73788K, committed 74496K, reserved 487424K
  class space    used 10024K, committed 10368K, reserved 421888K
}
Event: 40.958 GC heap after
{Heap after GC invocations=37 (full 0):
 garbage-first heap   total 133120K, used 78466K [0x0000000080000000, 0x0000000100000000)
  region size 1024K, 1 young (1024K), 1 survivors (1024K)
 Metaspace       used 73788K, committed 74496K, reserved 487424K
  class space    used 10024K, committed 10368K, reserved 421888K
}
Event: 41.424 GC heap before
{Heap before GC invocations=37 (full 0):
 garbage-first heap   total 133120K, used 106114K [0x0000000080000000, 0x0000000100000000)
  region size 1024K, 28 young (28672K), 1 survivors (1024K)
 Metaspace       used 74111K, committed 74816K, reserved 487424K
  class space    used 10092K, committed 10432K, reserved 421888K
}
Event: 41.431 GC heap after
{Heap after GC invocations=38 (full 0):
 garbage-first heap   total 133120K, used 80834K [0x0000000080000000, 0x0000000100000000)
  region size 1024K, 3 young (3072K), 3 survivors (3072K)
 Metaspace       used 74111K, committed 74816K, reserved 487424K
  class space    used 10092K, committed 10432K, reserved 421888K
}
Event: 60.811 GC heap before
{Heap before GC invocations=39 (full 0):
 garbage-first heap   total 148480K, used 106434K [0x0000000080000000, 0x0000000100000000)
  region size 1024K, 28 young (28672K), 3 survivors (3072K)
 Metaspace       used 75672K, committed 76352K, reserved 495616K
  class space    used 10292K, committed 10624K, reserved 421888K
}
Event: 60.822 GC heap after
{Heap after GC invocations=40 (full 0):
 garbage-first heap   total 148480K, used 83231K [0x0000000080000000, 0x0000000100000000)
  region size 1024K, 3 young (3072K), 3 survivors (3072K)
 Metaspace       used 75672K, committed 76352K, reserved 495616K
  class space    used 10292K, committed 10624K, reserved 421888K
}
Event: 60.973 GC heap before
{Heap before GC invocations=40 (full 0):
 garbage-first heap   total 148480K, used 87327K [0x0000000080000000, 0x0000000100000000)
  region size 1024K, 7 young (7168K), 3 survivors (3072K)
 Metaspace       used 75970K, committed 76672K, reserved 495616K
  class space    used 10341K, committed 10688K, reserved 421888K
}
Event: 60.978 GC heap after
{Heap after GC invocations=41 (full 0):
 garbage-first heap   total 148480K, used 83283K [0x0000000080000000, 0x0000000100000000)
  region size 1024K, 1 young (1024K), 1 survivors (1024K)
 Metaspace       used 75970K, committed 76672K, reserved 495616K
  class space    used 10341K, committed 10688K, reserved 421888K
}
Event: 61.917 GC heap before
{Heap before GC invocations=41 (full 0):
 garbage-first heap   total 148480K, used 118099K [0x0000000080000000, 0x0000000100000000)
  region size 1024K, 35 young (35840K), 1 survivors (1024K)
 Metaspace       used 80258K, committed 80960K, reserved 495616K
  class space    used 11107K, committed 11456K, reserved 421888K
}
Event: 61.922 GC heap after
{Heap after GC invocations=42 (full 0):
 garbage-first heap   total 148480K, used 84795K [0x0000000080000000, 0x0000000100000000)
  region size 1024K, 3 young (3072K), 3 survivors (3072K)
 Metaspace       used 80258K, committed 80960K, reserved 495616K
  class space    used 11107K, committed 11456K, reserved 421888K
}
Event: 62.683 GC heap before
{Heap before GC invocations=42 (full 0):
 garbage-first heap   total 148480K, used 119611K [0x0000000080000000, 0x0000000100000000)
  region size 1024K, 37 young (37888K), 3 survivors (3072K)
 Metaspace       used 82365K, committed 83200K, reserved 495616K
  class space    used 11459K, committed 11840K, reserved 421888K
}
Event: 62.692 GC heap after
{Heap after GC invocations=43 (full 0):
 garbage-first heap   total 148480K, used 89864K [0x0000000080000000, 0x0000000100000000)
  region size 1024K, 5 young (5120K), 5 survivors (5120K)
 Metaspace       used 82365K, committed 83200K, reserved 495616K
  class space    used 11459K, committed 11840K, reserved 421888K
}
Event: 63.565 GC heap before
{Heap before GC invocations=43 (full 0):
 garbage-first heap   total 148480K, used 120584K [0x0000000080000000, 0x0000000100000000)
  region size 1024K, 35 young (35840K), 5 survivors (5120K)
 Metaspace       used 83406K, committed 84288K, reserved 495616K
  class space    used 11612K, committed 12032K, reserved 421888K
}

