# JRE version: OpenJDK Runtime Environment Temurin-17.0.6+10 (17.0.6+10) (build 17.0.6+10)
# Java VM: OpenJDK 64-Bit Server VM Temurin-17.0.6+10 (17.0.6+10, mixed mode, sharing, tiered, compressed oops, compressed class ptrs, g1 gc, windows-amd64)
GC Precious Log:
 CPUs: 4 total, 4 available
 Memory: 8089M
 Large Page Support: Disabled
 NUMA Support: Disabled
 Compressed Oops: Enabled (32-bit)
 Heap Region Size: 1M
 Heap Min Capacity: 8M
 Heap Initial Capacity: 128M
 Heap Max Capacity: 2G
 Pre-touch: Disabled
 Parallel Workers: 4
 Concurrent Workers: 1
 Concurrent Refinement Workers: 4
 Periodic GC: Disabled
Heap:
 garbage-first heap   total 541696K, used 227769K [0x0000000080000000, 0x0000000100000000)
  region size 1024K, 50 young (51200K), 8 survivors (8192K)
 Metaspace       used 101294K, committed 102784K, reserved 512000K
  class space    used 14054K, committed 14720K, reserved 421888K
GC Heap History (20 events):
Event: 20.894 GC heap before
{Heap before GC invocations=24 (full 0):
 garbage-first heap   total 122880K, used 96464K [0x0000000080000000, 0x0000000100000000)
  region size 1024K, 34 young (34816K), 1 survivors (1024K)
 Metaspace       used 62433K, committed 63104K, reserved 479232K
  class space    used 8744K, committed 9024K, reserved 421888K
}
Event: 20.900 GC heap after
{Heap after GC invocations=25 (full 0):
 garbage-first heap   total 122880K, used 67505K [0x0000000080000000, 0x0000000100000000)
  region size 1024K, 5 young (5120K), 5 survivors (5120K)
 Metaspace       used 62433K, committed 63104K, reserved 479232K
  class space    used 8744K, committed 9024K, reserved 421888K
}
Event: 21.511 GC heap before
{Heap before GC invocations=26 (full 0):
 garbage-first heap   total 126976K, used 100273K [0x0000000080000000, 0x0000000100000000)
  region size 1024K, 35 young (35840K), 5 survivors (5120K)
 Metaspace       used 63383K, committed 64064K, reserved 479232K
  class space    used 8849K, committed 9152K, reserved 421888K
}
Event: 21.519 GC heap after
{Heap after GC invocations=27 (full 0):
 garbage-first heap   total 126976K, used 77252K [0x0000000080000000, 0x0000000100000000)
  region size 1024K, 5 young (5120K), 5 survivors (5120K)
 Metaspace       used 63383K, committed 64064K, reserved 479232K
  class space    used 8849K, committed 9152K, reserved 421888K
}
Event: 21.532 GC heap before
{Heap before GC invocations=27 (full 0):
 garbage-first heap   total 126976K, used 78276K [0x0000000080000000, 0x0000000100000000)
  region size 1024K, 6 young (6144K), 5 survivors (5120K)
 Metaspace       used 63502K, committed 64192K, reserved 479232K
  class space    used 8864K, committed 9152K, reserved 421888K
}
Event: 21.537 GC heap after
{Heap after GC invocations=28 (full 0):
 garbage-first heap   total 277504K, used 77446K [0x0000000080000000, 0x0000000100000000)
  region size 1024K, 1 young (1024K), 1 survivors (1024K)
 Metaspace       used 63502K, committed 64192K, reserved 479232K
  class space    used 8864K, committed 9152K, reserved 421888K
}
Event: 24.424 GC heap before
{Heap before GC invocations=28 (full 0):
 garbage-first heap   total 277504K, used 202374K [0x0000000080000000, 0x0000000100000000)
  region size 1024K, 116 young (118784K), 1 survivors (1024K)
 Metaspace       used 74525K, committed 75328K, reserved 487424K
  class space    used 10177K, committed 10560K, reserved 421888K
}
Event: 24.438 GC heap after
{Heap after GC invocations=29 (full 0):
 garbage-first heap   total 277504K, used 86128K [0x0000000080000000, 0x0000000100000000)
  region size 1024K, 9 young (9216K), 9 survivors (9216K)
 Metaspace       used 74525K, committed 75328K, reserved 487424K
  class space    used 10177K, committed 10560K, reserved 421888K
}
Event: 33.379 GC heap before
{Heap before GC invocations=29 (full 0):
 garbage-first heap   total 277504K, used 207984K [0x0000000080000000, 0x0000000100000000)
  region size 1024K, 123 young (125952K), 9 survivors (9216K)
 Metaspace       used 83799K, committed 84672K, reserved 495616K
  class space    used 11609K, committed 12032K, reserved 421888K
}
Event: 33.399 GC heap after
{Heap after GC invocations=30 (full 0):
 garbage-first heap   total 277504K, used 104136K [0x0000000080000000, 0x0000000100000000)
  region size 1024K, 12 young (12288K), 12 survivors (12288K)
 Metaspace       used 83799K, committed 84672K, reserved 495616K
  class space    used 11609K, committed 12032K, reserved 421888K
}
Event: 35.056 GC heap before
{Heap before GC invocations=30 (full 0):
 garbage-first heap   total 277504K, used 207560K [0x0000000080000000, 0x0000000100000000)
  region size 1024K, 113 young (115712K), 12 survivors (12288K)
 Metaspace       used 87408K, committed 88448K, reserved 503808K
  class space    used 12176K, committed 12672K, reserved 421888K
}
Event: 35.087 GC heap after
{Heap after GC invocations=31 (full 0):
 garbage-first heap   total 277504K, used 120413K [0x0000000080000000, 0x0000000100000000)
  region size 1024K, 15 young (15360K), 15 survivors (15360K)
 Metaspace       used 87408K, committed 88448K, reserved 503808K
  class space    used 12176K, committed 12672K, reserved 421888K
}
Event: 36.608 GC heap before
{Heap before GC invocations=31 (full 0):
 garbage-first heap   total 277504K, used 210525K [0x0000000080000000, 0x0000000100000000)
  region size 1024K, 103 young (105472K), 15 survivors (15360K)
 Metaspace       used 92190K, committed 93312K, reserved 503808K
  class space    used 12795K, committed 13312K, reserved 421888K
}
Event: 36.640 GC heap after
{Heap after GC invocations=32 (full 0):
 garbage-first heap   total 277504K, used 136090K [0x0000000080000000, 0x0000000100000000)
  region size 1024K, 13 young (13312K), 13 survivors (13312K)
 Metaspace       used 92190K, committed 93312K, reserved 503808K
  class space    used 12795K, committed 13312K, reserved 421888K
}
Event: 38.014 GC heap before
{Heap before GC invocations=32 (full 0):
 garbage-first heap   total 277504K, used 213914K [0x0000000080000000, 0x0000000100000000)
  region size 1024K, 89 young (91136K), 13 survivors (13312K)
 Metaspace       used 95494K, committed 96704K, reserved 512000K
  class space    used 13256K, committed 13824K, reserved 421888K
}
Event: 38.052 GC heap after
{Heap after GC invocations=33 (full 0):
 garbage-first heap   total 277504K, used 147897K [0x0000000080000000, 0x0000000100000000)
  region size 1024K, 11 young (11264K), 11 survivors (11264K)
 Metaspace       used 95494K, committed 96704K, reserved 512000K
  class space    used 13256K, committed 13824K, reserved 421888K
}
Event: 39.258 GC heap before
{Heap before GC invocations=33 (full 0):
 garbage-first heap   total 277504K, used 223673K [0x0000000080000000, 0x0000000100000000)
  region size 1024K, 80 young (81920K), 11 survivors (11264K)
 Metaspace       used 96614K, committed 97984K, reserved 512000K
  class space    used 13420K, committed 14016K, reserved 421888K
}
Event: 39.284 GC heap after
{Heap after GC invocations=34 (full 0):
 garbage-first heap   total 277504K, used 168889K [0x0000000080000000, 0x0000000100000000)
  region size 1024K, 10 young (10240K), 10 survivors (10240K)
 Metaspace       used 96614K, committed 97984K, reserved 512000K
  class space    used 13420K, committed 14016K, reserved 421888K
}
Event: 40.137 GC heap before
{Heap before GC invocations=34 (full 0):
 garbage-first heap   total 277504K, used 222137K [0x0000000080000000, 0x0000000100000000)
  region size 1024K, 61 young (62464K), 10 survivors (10240K)
 Metaspace       used 99040K, committed 100480K, reserved 512000K
  class space    used 13755K, committed 14400K, reserved 421888K
}
Event: 40.173 GC heap after
{Heap after GC invocations=35 (full 0):
 garbage-first heap   total 541696K, used 181689K [0x0000000080000000, 0x0000000100000000)
  region size 1024K, 8 young (8192K), 8 survivors (8192K)
 Metaspace       used 99040K, committed 100480K, reserved 512000K
  class space    used 13755K, committed 14400K, reserved 421888K
}

