# JRE version: OpenJDK Runtime Environment Temurin-17.0.6+10 (17.0.6+10) (build 17.0.6+10)
# Java VM: OpenJDK 64-Bit Server VM Temurin-17.0.6+10 (17.0.6+10, mixed mode, sharing, tiered, compressed oops, compressed class ptrs, g1 gc, windows-amd64)
GC Precious Log:
 CPUs: 4 total, 4 available
 Memory: 8089M
 Large Page Support: Disabled
 NUMA Support: Disabled
 Compressed Oops: Enabled (32-bit)
 Heap Region Size: 1M
 Heap Min Capacity: 8M
 Heap Initial Capacity: 128M
 Heap Max Capacity: 2G
 Pre-touch: Disabled
 Parallel Workers: 4
 Concurrent Workers: 1
 Concurrent Refinement Workers: 4
 Periodic GC: Disabled
Heap:
 garbage-first heap   total 86016K, used 58464K [0x0000000080000000, 0x0000000100000000)
  region size 1024K, 38 young (38912K), 2 survivors (2048K)
 Metaspace       used 28711K, committed 29120K, reserved 454656K
  class space    used 4020K, committed 4224K, reserved 421888K
GC Heap History (10 events):
Event: 1.259 GC heap before
{Heap before GC invocations=0 (full 0):
 garbage-first heap   total 131072K, used 13312K [0x0000000080000000, 0x0000000100000000)
  region size 1024K, 13 young (13312K), 0 survivors (0K)
 Metaspace       used 956K, committed 1088K, reserved 430080K
  class space    used 74K, committed 128K, reserved 421888K
}
Event: 1.272 GC heap after
{Heap after GC invocations=1 (full 0):
 garbage-first heap   total 131072K, used 3781K [0x0000000080000000, 0x0000000100000000)
  region size 1024K, 2 young (2048K), 2 survivors (2048K)
 Metaspace       used 956K, committed 1088K, reserved 430080K
  class space    used 74K, committed 128K, reserved 421888K
}
Event: 2.126 GC heap before
{Heap before GC invocations=1 (full 0):
 garbage-first heap   total 131072K, used 23237K [0x0000000080000000, 0x0000000100000000)
  region size 1024K, 17 young (17408K), 2 survivors (2048K)
 Metaspace       used 3841K, committed 4032K, reserved 430080K
  class space    used 474K, committed 576K, reserved 421888K
}
Event: 2.131 GC heap after
{Heap after GC invocations=2 (full 0):
 garbage-first heap   total 131072K, used 10857K [0x0000000080000000, 0x0000000100000000)
  region size 1024K, 3 young (3072K), 3 survivors (3072K)
 Metaspace       used 3841K, committed 4032K, reserved 430080K
  class space    used 474K, committed 576K, reserved 421888K
}
Event: 3.022 GC heap before
{Heap before GC invocations=2 (full 0):
 garbage-first heap   total 131072K, used 32361K [0x0000000080000000, 0x0000000100000000)
  region size 1024K, 24 young (24576K), 3 survivors (3072K)
 Metaspace       used 3926K, committed 4096K, reserved 430080K
  class space    used 475K, committed 576K, reserved 421888K
}
Event: 3.026 GC heap after
{Heap after GC invocations=3 (full 0):
 garbage-first heap   total 131072K, used 13363K [0x0000000080000000, 0x0000000100000000)
  region size 1024K, 3 young (3072K), 3 survivors (3072K)
 Metaspace       used 3926K, committed 4096K, reserved 430080K
  class space    used 475K, committed 576K, reserved 421888K
}
Event: 8.225 GC heap before
{Heap before GC invocations=3 (full 0):
 garbage-first heap   total 131072K, used 87091K [0x0000000080000000, 0x0000000100000000)
  region size 1024K, 76 young (77824K), 3 survivors (3072K)
 Metaspace       used 16997K, committed 17344K, reserved 438272K
  class space    used 2469K, committed 2624K, reserved 421888K
}
Event: 8.239 GC heap after
{Heap after GC invocations=4 (full 0):
 garbage-first heap   total 131072K, used 20505K [0x0000000080000000, 0x0000000100000000)
  region size 1024K, 10 young (10240K), 10 survivors (10240K)
 Metaspace       used 16997K, committed 17344K, reserved 438272K
  class space    used 2469K, committed 2624K, reserved 421888K
}
Event: 9.556 GC heap before
{Heap before GC invocations=4 (full 0):
 garbage-first heap   total 131072K, used 49177K [0x0000000080000000, 0x0000000100000000)
  region size 1024K, 39 young (39936K), 10 survivors (10240K)
 Metaspace       used 21121K, committed 21504K, reserved 446464K
  class space    used 3117K, committed 3328K, reserved 421888K
}
Event: 9.567 GC heap after
{Heap after GC invocations=5 (full 0):
 garbage-first heap   total 131072K, used 22624K [0x0000000080000000, 0x0000000100000000)
  region size 1024K, 2 young (2048K), 2 survivors (2048K)
 Metaspace       used 21121K, committed 21504K, reserved 446464K
  class space    used 3117K, committed 3328K, reserved 421888K
}

