# JRE version: OpenJDK Runtime Environment Temurin-17.0.6+10 (17.0.6+10) (build 17.0.6+10)
# Java VM: OpenJDK 64-Bit Server VM Temurin-17.0.6+10 (17.0.6+10, mixed mode, sharing, tiered, compressed oops, compressed class ptrs, g1 gc, windows-amd64)
GC Precious Log:
 CPUs: 4 total, 4 available
 Memory: 8089M
 Large Page Support: Disabled
 NUMA Support: Disabled
 Compressed Oops: Enabled (32-bit)
 Heap Region Size: 1M
 Heap Min Capacity: 8M
 Heap Initial Capacity: 128M
 Heap Max Capacity: 2G
 Pre-touch: Disabled
 Parallel Workers: 4
 Concurrent Workers: 1
 Concurrent Refinement Workers: 4
 Periodic GC: Disabled
Heap:
 garbage-first heap   total 522240K, used 358284K [0x0000000080000000, 0x0000000100000000)
  region size 1024K, 46 young (47104K), 12 survivors (12288K)
 Metaspace       used 172464K, committed 174848K, reserved 577536K
  class space    used 22956K, committed 24064K, reserved 421888K
GC Heap History (20 events):
Event: 4917.422 GC heap before
{Heap before GC invocations=80 (full 1):
 garbage-first heap   total 522240K, used 455815K [0x0000000080000000, 0x0000000100000000)
  region size 1024K, 156 young (159744K), 9 survivors (9216K)
 Metaspace       used 162602K, committed 164672K, reserved 569344K
  class space    used 21701K, committed 22656K, reserved 421888K
}
Event: 4917.428 GC heap after
{Heap after GC invocations=81 (full 1):
 garbage-first heap   total 522240K, used 307024K [0x0000000080000000, 0x0000000100000000)
  region size 1024K, 11 young (11264K), 11 survivors (11264K)
 Metaspace       used 162602K, committed 164672K, reserved 569344K
  class space    used 21701K, committed 22656K, reserved 421888K
}
Event: 4917.722 GC heap before
{Heap before GC invocations=81 (full 1):
 garbage-first heap   total 522240K, used 453456K [0x0000000080000000, 0x0000000100000000)
  region size 1024K, 154 young (157696K), 11 survivors (11264K)
 Metaspace       used 162602K, committed 164672K, reserved 569344K
  class space    used 21701K, committed 22656K, reserved 421888K
}
Event: 4917.729 GC heap after
{Heap after GC invocations=82 (full 1):
 garbage-first heap   total 522240K, used 303420K [0x0000000080000000, 0x0000000100000000)
  region size 1024K, 10 young (10240K), 10 survivors (10240K)
 Metaspace       used 162602K, committed 164672K, reserved 569344K
  class space    used 21701K, committed 22656K, reserved 421888K
}
Event: 4918.716 GC heap before
{Heap before GC invocations=82 (full 1):
 garbage-first heap   total 522240K, used 459068K [0x0000000080000000, 0x0000000100000000)
  region size 1024K, 158 young (161792K), 10 survivors (10240K)
 Metaspace       used 162648K, committed 164736K, reserved 569344K
  class space    used 21709K, committed 22656K, reserved 421888K
}
Event: 4918.718 GC heap after
{Heap after GC invocations=83 (full 1):
 garbage-first heap   total 522240K, used 298386K [0x0000000080000000, 0x0000000100000000)
  region size 1024K, 2 young (2048K), 2 survivors (2048K)
 Metaspace       used 162648K, committed 164736K, reserved 569344K
  class space    used 21709K, committed 22656K, reserved 421888K
}
Event: 4919.120 GC heap before
{Heap before GC invocations=83 (full 1):
 garbage-first heap   total 522240K, used 461202K [0x0000000080000000, 0x0000000100000000)
  region size 1024K, 161 young (164864K), 2 survivors (2048K)
 Metaspace       used 162649K, committed 164736K, reserved 569344K
  class space    used 21709K, committed 22656K, reserved 421888K
}
Event: 4919.123 GC heap after
{Heap after GC invocations=84 (full 1):
 garbage-first heap   total 522240K, used 299651K [0x0000000080000000, 0x0000000100000000)
  region size 1024K, 4 young (4096K), 4 survivors (4096K)
 Metaspace       used 162649K, committed 164736K, reserved 569344K
  class space    used 21709K, committed 22656K, reserved 421888K
}
Event: 4919.489 GC heap before
{Heap before GC invocations=84 (full 1):
 garbage-first heap   total 522240K, used 459395K [0x0000000080000000, 0x0000000100000000)
  region size 1024K, 160 young (163840K), 4 survivors (4096K)
 Metaspace       used 162649K, committed 164736K, reserved 569344K
  class space    used 21709K, committed 22656K, reserved 421888K
}
Event: 4919.491 GC heap after
{Heap after GC invocations=85 (full 1):
 garbage-first heap   total 522240K, used 294149K [0x0000000080000000, 0x0000000100000000)
  region size 1024K, 1 young (1024K), 1 survivors (1024K)
 Metaspace       used 162649K, committed 164736K, reserved 569344K
  class space    used 21709K, committed 22656K, reserved 421888K
}
Event: 4919.831 GC heap before
{Heap before GC invocations=85 (full 1):
 garbage-first heap   total 522240K, used 464133K [0x0000000080000000, 0x0000000100000000)
  region size 1024K, 164 young (167936K), 1 survivors (1024K)
 Metaspace       used 162656K, committed 164736K, reserved 569344K
  class space    used 21709K, committed 22656K, reserved 421888K
}
Event: 4919.833 GC heap after
{Heap after GC invocations=86 (full 1):
 garbage-first heap   total 522240K, used 300095K [0x0000000080000000, 0x0000000100000000)
  region size 1024K, 3 young (3072K), 3 survivors (3072K)
 Metaspace       used 162656K, committed 164736K, reserved 569344K
  class space    used 21709K, committed 22656K, reserved 421888K
}
Event: 4920.054 GC heap before
{Heap before GC invocations=86 (full 1):
 garbage-first heap   total 522240K, used 458815K [0x0000000080000000, 0x0000000100000000)
  region size 1024K, 158 young (161792K), 3 survivors (3072K)
 Metaspace       used 162657K, committed 164736K, reserved 569344K
  class space    used 21709K, committed 22656K, reserved 421888K
}
Event: 4920.057 GC heap after
{Heap after GC invocations=87 (full 1):
 garbage-first heap   total 522240K, used 300683K [0x0000000080000000, 0x0000000100000000)
  region size 1024K, 4 young (4096K), 4 survivors (4096K)
 Metaspace       used 162657K, committed 164736K, reserved 569344K
  class space    used 21709K, committed 22656K, reserved 421888K
}
Event: 4920.277 GC heap before
{Heap before GC invocations=87 (full 1):
 garbage-first heap   total 522240K, used 459403K [0x0000000080000000, 0x0000000100000000)
  region size 1024K, 159 young (162816K), 4 survivors (4096K)
 Metaspace       used 162663K, committed 164736K, reserved 569344K
  class space    used 21709K, committed 22656K, reserved 421888K
}
Event: 4920.280 GC heap after
{Heap after GC invocations=88 (full 1):
 garbage-first heap   total 522240K, used 301132K [0x0000000080000000, 0x0000000100000000)
  region size 1024K, 4 young (4096K), 4 survivors (4096K)
 Metaspace       used 162663K, committed 164736K, reserved 569344K
  class space    used 21709K, committed 22656K, reserved 421888K
}
Event: 4922.447 GC heap before
{Heap before GC invocations=88 (full 1):
 garbage-first heap   total 522240K, used 460876K [0x0000000080000000, 0x0000000100000000)
  region size 1024K, 160 young (163840K), 4 survivors (4096K)
 Metaspace       used 169051K, committed 171136K, reserved 577536K
  class space    used 22528K, committed 23488K, reserved 421888K
}
Event: 4922.464 GC heap after
{Heap after GC invocations=89 (full 1):
 garbage-first heap   total 522240K, used 313772K [0x0000000080000000, 0x0000000100000000)
  region size 1024K, 16 young (16384K), 16 survivors (16384K)
 Metaspace       used 169051K, committed 171136K, reserved 577536K
  class space    used 22528K, committed 23488K, reserved 421888K
}
Event: 5176.180 GC heap before
{Heap before GC invocations=89 (full 1):
 garbage-first heap   total 522240K, used 445868K [0x0000000080000000, 0x0000000100000000)
  region size 1024K, 146 young (149504K), 16 survivors (16384K)
 Metaspace       used 172338K, committed 174592K, reserved 577536K
  class space    used 22942K, committed 24000K, reserved 421888K
}
Event: 5176.230 GC heap after
{Heap after GC invocations=90 (full 1):
 garbage-first heap   total 522240K, used 325516K [0x0000000080000000, 0x0000000100000000)
  region size 1024K, 12 young (12288K), 12 survivors (12288K)
 Metaspace       used 172338K, committed 174592K, reserved 577536K
  class space    used 22942K, committed 24000K, reserved 421888K
}

